TN:
SF:a11y.ts
FN:90,anonymous_0
FN:1,INTERACTIVE_SEL
FN:1,accessibleName
FN:1,ariaState
FN:1,hasLayout
FN:1,isFaded
FN:1,placeholderText
FN:1,roleOf
FN:1,styleHidden
FN:14,anonymous_9
FN:32,anonymous_10
FN:61,anonymous_11
FN:67,anonymous_12
FN:80,anonymous_13
FN:85,anonymous_14
FN:90,anonymous_15
FN:33,anonymous_16
FN:36,anonymous_17
FNDA:0,anonymous_0
FNDA:12,INTERACTIVE_SEL
FNDA:18,accessibleName
FNDA:1,ariaState
FNDA:1,hasLayout
FNDA:15,isFaded
FNDA:1,placeholderText
FNDA:44,roleOf
FNDA:15,styleHidden
FNDA:43,anonymous_9
FNDA:17,anonymous_10
FNDA:0,anonymous_11
FNDA:0,anonymous_12
FNDA:0,anonymous_13
FNDA:14,anonymous_14
FNDA:14,anonymous_15
FNDA:34,anonymous_16
FNDA:0,anonymous_17
FNF:18
FNH:13
BRDA:1,0,0,25
BRDA:90,1,0,0
BRDA:1,2,0,12
BRDA:1,3,0,18
BRDA:1,4,0,1
BRDA:1,5,0,1
BRDA:1,6,0,15
BRDA:1,7,0,1
BRDA:1,8,0,44
BRDA:1,9,0,15
BRDA:14,10,0,43
BRDA:18,11,0,2
BRDA:19,12,0,38
BRDA:20,13,0,38
BRDA:21,14,0,38
BRDA:22,15,0,38
BRDA:22,16,0,2
BRDA:26,17,0,36
BRDA:27,18,0,36
BRDA:16,19,0,0
BRDA:19,20,0,0
BRDA:20,21,0,0
BRDA:21,22,0,0
BRDA:26,23,0,0
BRDA:32,24,0,17
BRDA:40,25,0,2
BRDA:41,26,0,9
BRDA:43,27,0,9
BRDA:43,28,0,5
BRDA:43,29,0,4
BRDA:49,30,0,6
BRDA:40,31,0,1
BRDA:43,32,0,1
BRDA:35,33,0,0
BRDA:42,34,0,0
BRDA:51,35,0,0
BRDA:52,36,0,0
BRDA:53,37,0,0
BRDA:85,38,0,14
BRDA:86,39,0,0
BRDA:87,40,0,0
BRDA:87,41,0,0
BRDA:90,42,0,14
BRDA:91,43,0,0
BRDA:33,44,0,34
BRDA:33,45,0,13
BRF:46
BRH:31
DA:1,25
DA:2,25
DA:3,25
DA:4,25
DA:5,25
DA:6,25
DA:7,25
DA:8,25
DA:9,25
DA:10,25
DA:11,25
DA:12,25
DA:13,25
DA:14,25
DA:15,43
DA:16,43
DA:17,43
DA:18,43
DA:19,43
DA:20,43
DA:21,43
DA:22,43
DA:23,2
DA:24,2
DA:25,2
DA:26,43
DA:27,43
DA:28,25
DA:29,25
DA:30,25
DA:31,25
DA:32,25
DA:33,17
DA:34,17
DA:35,17
DA:36,0
DA:37,0
DA:38,0
DA:39,17
DA:40,17
DA:41,1
DA:42,17
DA:43,17
DA:44,4
DA:45,4
DA:46,4
DA:47,4
DA:48,4
DA:49,17
DA:50,17
DA:51,17
DA:52,17
DA:53,17
DA:54,17
DA:55,25
DA:56,25
DA:57,25
DA:58,25
DA:59,25
DA:60,25
DA:61,25
DA:62,0
DA:63,0
DA:64,25
DA:65,25
DA:66,25
DA:67,25
DA:68,0
DA:69,0
DA:70,0
DA:71,0
DA:72,0
DA:73,0
DA:74,0
DA:75,0
DA:76,25
DA:77,25
DA:78,25
DA:79,25
DA:80,25
DA:81,25
DA:82,25
DA:83,25
DA:84,25
DA:85,25
DA:86,14
DA:87,14
DA:88,14
DA:89,25
DA:90,0
DA:91,14
DA:92,0
LH:77
LF:92
end_of_record
SF:agent-host.ts
FN:103,anonymous_0
FN:1,runBackgroundAgent
FN:103,runBackgroundAgent
FN:110,anonymous_3
FN:126,anonymous_4
FN:129,anonymous_5
FN:134,anonymous_6
FN:137,anonymous_7
FN:138,anonymous_8
FN:143,anonymous_9
FN:146,anonymous_10
FN:153,anonymous_11
FN:155,anonymous_12
FN:160,anonymous_13
FN:161,anonymous_14
FN:192,anonymous_15
FN:195,anonymous_16
FN:203,anonymous_17
FNDA:0,anonymous_0
FNDA:1,runBackgroundAgent
FNDA:13,runBackgroundAgent
FNDA:13,anonymous_3
FNDA:24,anonymous_4
FNDA:11,anonymous_5
FNDA:1,anonymous_6
FNDA:1,anonymous_7
FNDA:1,anonymous_8
FNDA:24,anonymous_9
FNDA:10,anonymous_10
FNDA:7,anonymous_11
FNDA:0,anonymous_12
FNDA:2,anonymous_13
FNDA:2,anonymous_14
FNDA:0,anonymous_15
FNDA:4,anonymous_16
FNDA:13,anonymous_17
FNF:18
FNH:15
BRDA:1,0,0,1
BRDA:103,1,0,0
BRDA:1,2,0,1
BRDA:103,3,0,13
BRDA:195,4,0,11
BRDA:195,5,0,2
BRDA:198,6,0,11
BRDA:110,7,0,13
BRDA:113,8,0,1
BRDA:113,9,0,0
BRDA:113,10,0,12
BRDA:114,11,0,0
BRDA:114,12,0,0
BRDA:114,13,0,1
BRDA:115,14,0,2
BRDA:119,15,0,1
BRDA:122,16,0,11
BRDA:126,17,0,24
BRDA:127,18,0,11
BRDA:129,19,0,11
BRDA:134,20,0,1
BRDA:137,21,0,1
BRDA:138,22,0,1
BRDA:143,23,0,24
BRDA:146,24,0,10
BRDA:153,25,0,7
BRDA:154,26,0,6
BRDA:155,27,0,3
BRDA:157,28,0,2
BRDA:160,29,0,4
BRDA:161,30,0,2
BRDA:164,31,0,1
BRDA:164,32,0,0
BRDA:169,33,0,1
BRDA:169,34,0,0
BRDA:184,35,0,1
BRDA:155,36,0,0
BRDA:160,37,0,2
BRDA:161,38,0,2
BRDA:195,39,0,4
BRDA:197,40,0,0
BRDA:197,41,0,0
BRDA:203,42,0,13
BRF:43
BRH:34
DA:1,1
DA:2,1
DA:3,1
DA:4,1
DA:5,1
DA:6,1
DA:7,1
DA:8,1
DA:9,1
DA:10,1
DA:11,1
DA:12,1
DA:13,1
DA:16,1
DA:18,1
DA:19,1
DA:20,1
DA:21,1
DA:22,1
DA:23,1
DA:24,1
DA:25,1
DA:46,1
DA:98,1
DA:99,1
DA:100,1
DA:101,1
DA:102,1
DA:103,13
DA:104,13
DA:105,13
DA:106,13
DA:107,13
DA:108,13
DA:109,13
DA:110,13
DA:111,13
DA:112,13
DA:113,13
DA:114,13
DA:115,13
DA:116,2
DA:117,2
DA:118,2
DA:119,2
DA:120,2
DA:121,2
DA:122,2
DA:123,13
DA:124,13
DA:125,13
DA:126,13
DA:127,24
DA:128,13
DA:129,13
DA:130,11
DA:131,13
DA:132,13
DA:133,13
DA:134,13
DA:135,1
DA:136,1
DA:137,1
DA:138,1
DA:139,1
DA:140,13
DA:141,13
DA:142,13
DA:143,13
DA:144,13
DA:145,13
DA:146,13
DA:147,13
DA:148,13
DA:149,13
DA:150,13
DA:151,13
DA:152,13
DA:153,13
DA:154,7
DA:155,6
DA:156,6
DA:157,6
DA:158,6
DA:159,6
DA:160,6
DA:161,6
DA:162,6
DA:163,7
DA:164,7
DA:165,7
DA:166,7
DA:167,7
DA:168,7
DA:169,7
DA:170,0
DA:171,0
DA:172,0
DA:173,0
DA:174,0
DA:175,0
DA:176,0
DA:177,0
DA:178,0
DA:179,0
DA:180,0
DA:181,0
DA:182,0
DA:183,0
DA:184,7
DA:185,13
DA:186,13
DA:187,13
DA:188,13
DA:189,13
DA:190,13
DA:191,13
DA:192,13
DA:193,13
DA:194,13
DA:195,13
DA:196,4
DA:197,4
DA:198,13
DA:199,13
DA:200,13
DA:201,13
DA:202,13
DA:203,13
DA:204,13
LH:190
LF:204
end_of_record
SF:agent-loop.ts
FN:267,anonymous_0
FN:1,CITABLE_TOOLS
FN:1,runAgentLoop
FN:1,shotTurnMessage
FN:113,usageTokens
FN:124,formatChatMeta
FN:188,anonymous_6
FN:229,makeStreamFan
FN:235,anonymous_8
FN:237,push
FN:248,done
FN:254,anonymous_11
FN:267,runAgentLoop
FN:271,anonymous_13
FN:272,anonymous_14
FN:290,anonymous_15
FN:307,anonymous_16
FN:364,anonymous_17
FN:370,anonymous_18
FN:373,anonymous_19
FN:374,anonymous_20
FN:385,anonymous_21
FN:395,anonymous_22
FN:408,anonymous_23
FN:415,anonymous_24
FN:416,anonymous_25
FN:426,anonymous_26
FN:477,anonymous_27
FN:481,anonymous_28
FN:115,anonymous_29
FN:131,anonymous_30
FN:131,anonymous_31
FN:132,anonymous_32
FN:171,anonymous_33
FN:175,anonymous_34
FN:176,anonymous_35
FN:246,anonymous_36
FNDA:0,anonymous_0
FNDA:3,CITABLE_TOOLS
FNDA:18,runAgentLoop
FNDA:4,shotTurnMessage
FNDA:6,usageTokens
FNDA:3,formatChatMeta
FNDA:1,anonymous_6
FNDA:111,makeStreamFan
FNDA:4,anonymous_8
FNDA:4,push
FNDA:4,done
FNDA:14,anonymous_11
FNDA:196,runAgentLoop
FNDA:199,anonymous_13
FNDA:179,anonymous_14
FNDA:6,anonymous_15
FNDA:26,anonymous_16
FNDA:0,anonymous_17
FNDA:3,anonymous_18
FNDA:3,anonymous_19
FNDA:2,anonymous_20
FNDA:11,anonymous_21
FNDA:6,anonymous_22
FNDA:72,anonymous_23
FNDA:98,anonymous_24
FNDA:72,anonymous_25
FNDA:3,anonymous_26
FNDA:0,anonymous_27
FNDA:4,anonymous_28
FNDA:30,anonymous_29
FNDA:6,anonymous_30
FNDA:12,anonymous_31
FNDA:6,anonymous_32
FNDA:0,anonymous_33
FNDA:4,anonymous_34
FNDA:3,anonymous_35
FNDA:0,anonymous_36
FNF:37
FNH:32
BRDA:1,0,0,4
BRDA:267,1,0,0
BRDA:1,2,0,3
BRDA:1,3,0,18
BRDA:1,4,0,4
BRDA:113,5,0,6
BRDA:114,6,0,0
BRDA:117,7,0,3
BRDA:118,8,0,3
BRDA:124,9,0,3
BRDA:135,10,0,0
BRDA:136,11,0,0
BRDA:137,12,0,1
BRDA:138,13,0,0
BRDA:142,14,0,0
BRDA:144,15,0,0
BRDA:148,16,0,0
BRDA:149,17,0,0
BRDA:149,18,0,0
BRDA:150,19,0,0
BRDA:153,20,0,0
BRDA:155,21,0,0
BRDA:157,22,0,1
BRDA:157,23,0,0
BRDA:158,24,0,1
BRDA:160,25,0,0
BRDA:167,26,0,1
BRDA:167,27,0,1
BRDA:168,28,0,0
BRDA:172,29,0,0
BRDA:173,30,0,2
BRDA:175,31,0,1
BRDA:176,32,0,1
BRDA:176,33,0,0
BRDA:177,34,0,1
BRDA:188,35,0,1
BRDA:188,36,0,0
BRDA:229,37,0,111
BRDA:230,38,0,36
BRDA:231,39,0,4
BRDA:235,40,0,4
BRDA:235,41,0,0
BRDA:237,42,0,4
BRDA:242,43,0,3
BRDA:243,44,0,0
BRDA:243,45,0,0
BRDA:245,46,0,0
BRDA:245,47,0,0
BRDA:248,48,0,4
BRDA:248,49,0,0
BRDA:254,50,0,14
BRDA:255,51,0,10
BRDA:255,52,0,4
BRDA:257,53,0,1
BRDA:257,54,0,3
BRDA:258,55,0,1
BRDA:258,56,0,3
BRDA:259,57,0,1
BRDA:259,58,0,3
BRDA:262,59,0,7
BRDA:267,60,0,88
BRDA:287,61,0,26
BRDA:395,62,0,1
BRDA:428,63,0,196
BRDA:440,64,0,84
BRDA:462,65,0,71
BRDA:463,66,0,71
BRDA:467,67,0,111
BRDA:577,68,0,85
BRDA:578,69,0,4
BRDA:578,70,0,1
BRDA:582,71,0,40
BRDA:582,72,0,29
BRDA:596,73,0,33
BRDA:596,74,0,57
BRDA:599,75,0,31
BRDA:599,76,0,30
BRDA:599,77,0,61
BRDA:600,78,0,38
BRDA:603,79,0,38
BRDA:605,80,0,4
BRDA:605,81,0,1
BRDA:605,82,0,30
BRDA:606,83,0,1
BRDA:606,84,0,30
BRDA:607,85,0,3
BRDA:609,86,0,1
BRDA:609,87,0,30
BRDA:610,88,0,3
BRDA:610,89,0,28
BRDA:610,90,0,1
BRDA:610,91,0,2
BRDA:610,92,0,28
BRDA:611,93,0,1
BRDA:611,94,0,1
BRDA:612,95,0,1
BRDA:612,96,0,27
BRDA:617,97,0,4
BRDA:617,98,0,30
BRDA:617,99,0,3
BRDA:617,100,0,2
BRDA:617,101,0,29
BRDA:618,102,0,1
BRDA:618,103,0,30
BRDA:621,104,0,29
BRDA:622,105,0,2
BRDA:622,106,0,2
BRDA:622,107,0,2
BRDA:622,108,0,1
BRDA:622,109,0,28
BRDA:623,110,0,4
BRDA:623,111,0,1
BRDA:624,112,0,1
BRDA:624,113,0,30
BRDA:624,114,0,2
BRDA:624,115,0,29
BRDA:624,116,0,6
BRDA:624,117,0,25
BRDA:624,118,0,1
BRDA:624,119,0,30
BRDA:626,120,0,38
BRDA:626,121,0,25
BRDA:627,122,0,34
BRDA:633,123,0,4
BRDA:639,124,0,111
BRDA:639,125,0,110
BRDA:642,126,0,109
BRDA:642,127,0,5
BRDA:644,128,0,108
BRDA:478,129,0,2
BRDA:486,130,0,6
BRDA:492,131,0,22
BRDA:496,132,0,15
BRDA:498,133,0,6
BRDA:498,134,0,2
BRDA:498,135,0,16
BRDA:502,136,0,6
BRDA:505,137,0,2
BRDA:505,138,0,2
BRDA:506,139,0,15
BRDA:534,140,0,5
BRDA:543,141,0,7
BRDA:550,142,0,25
BRDA:558,143,0,39
BRDA:571,144,0,10
BRDA:576,145,0,10
BRDA:596,146,0,27
BRDA:631,147,0,2
BRDA:633,148,0,39
BRDA:635,149,0,39
BRDA:429,150,0,2
BRDA:429,151,0,1
BRDA:432,152,0,79
BRDA:432,153,0,0
BRDA:432,154,0,79
BRDA:432,155,0,0
BRDA:435,156,0,79
BRDA:436,157,0,0
BRDA:438,158,0,79
BRDA:438,159,0,1
BRDA:438,160,0,0
BRDA:439,161,0,79
BRDA:439,162,0,6
BRDA:439,163,0,3
BRDA:440,164,0,79
BRDA:443,165,0,38
BRDA:443,166,0,4
BRDA:446,167,0,2
BRDA:453,168,0,3
BRDA:453,169,0,36
BRDA:454,170,0,2
BRDA:454,171,0,2
BRDA:455,172,0,38
BRDA:462,173,0,40
BRDA:462,174,0,39
BRDA:463,175,0,39
BRDA:463,176,0,35
BRDA:463,177,0,6
BRDA:464,178,0,1
BRDA:465,179,0,5
BRDA:473,180,0,0
BRDA:477,181,0,4
BRDA:477,182,0,2
BRDA:477,183,0,38
BRDA:484,184,0,1
BRDA:486,185,0,39
BRDA:486,186,0,3
BRDA:491,187,0,1
BRDA:492,188,0,36
BRDA:495,189,0,2
BRDA:495,190,0,13
BRDA:496,191,0,1
BRDA:496,192,0,14
BRDA:499,193,0,1
BRDA:502,194,0,14
BRDA:504,195,0,1
BRDA:506,196,0,2
BRDA:506,197,0,1
BRDA:506,198,0,1
BRDA:512,199,0,11
BRDA:529,200,0,1
BRDA:529,201,0,10
BRDA:529,202,0,2
BRDA:533,203,0,9
BRDA:538,204,0,1
BRDA:538,205,0,3
BRDA:539,206,0,1
BRDA:540,207,0,3
BRDA:546,208,0,1
BRDA:551,209,0,2
BRDA:553,210,0,4
BRDA:558,211,0,0
BRDA:558,212,0,0
BRDA:571,213,0,36
BRDA:571,214,0,34
BRDA:576,215,0,33
BRDA:578,216,0,29
BRDA:599,217,0,7
BRDA:631,218,0,7
BRDA:631,219,0,33
BRDA:631,220,0,29
BRDA:631,221,0,29
BRDA:631,222,0,29
BRDA:631,223,0,29
BRDA:631,224,0,29
BRDA:635,225,0,1
BRDA:635,226,0,2
BRDA:639,227,0,1
BRDA:639,228,0,2
BRDA:271,229,0,199
BRDA:271,230,0,78
BRDA:272,231,0,179
BRDA:290,232,0,6
BRDA:291,233,0,0
BRDA:292,234,0,5
BRDA:294,235,0,2
BRDA:294,236,0,4
BRDA:297,237,0,0
BRDA:307,238,0,26
BRDA:308,239,0,3
BRDA:309,240,0,16
BRDA:309,241,0,10
BRDA:317,242,0,3
BRDA:317,243,0,1
BRDA:317,244,0,2
BRDA:318,245,0,23
BRDA:322,246,0,3
BRDA:323,247,0,20
BRDA:326,248,0,2
BRDA:326,249,0,18
BRDA:326,250,0,17
BRDA:326,251,0,1
BRDA:329,252,0,0
BRDA:329,253,0,20
BRDA:341,254,0,7
BRDA:341,255,0,6
BRDA:341,256,0,13
BRDA:351,257,0,1
BRDA:352,258,0,0
BRDA:352,259,0,18
BRDA:354,260,0,18
BRDA:355,261,0,1
BRDA:358,262,0,1
BRDA:361,263,0,0
BRDA:370,264,0,3
BRDA:372,265,0,1
BRDA:373,266,0,2
BRDA:375,267,0,1
BRDA:376,268,0,1
BRDA:373,269,0,3
BRDA:374,270,0,2
BRDA:385,271,0,11
BRDA:386,272,0,1
BRDA:387,273,0,2
BRDA:388,274,0,3
BRDA:389,275,0,1
BRDA:390,276,0,2
BRDA:390,277,0,1
BRDA:395,278,0,6
BRDA:400,279,0,1
BRDA:401,280,0,3
BRDA:403,281,0,1
BRDA:397,282,0,2
BRDA:403,283,0,1
BRDA:408,284,0,72
BRDA:409,285,0,60
BRDA:410,286,0,5
BRDA:411,287,0,2
BRDA:412,288,0,3
BRDA:412,289,0,2
BRDA:412,290,0,1
BRDA:410,291,0,6
BRDA:415,292,0,98
BRDA:416,293,0,26
BRDA:416,294,0,33
BRDA:416,295,0,72
BRDA:418,296,0,2
BRDA:418,297,0,31
BRDA:426,298,0,3
BRDA:481,299,0,4
BRDA:115,300,0,30
BRDA:115,301,0,6
BRDA:115,302,0,24
BRDA:131,303,0,6
BRDA:131,304,0,12
BRDA:132,305,0,6
BRDA:132,306,0,0
BRDA:175,307,0,4
BRDA:176,308,0,3
BRF:309
BRH:271
DA:1,4
DA:2,4
DA:3,4
DA:4,4
DA:5,4
DA:6,4
DA:7,4
DA:8,4
DA:9,4
DA:10,4
DA:11,4
DA:12,4
DA:13,4
DA:14,4
DA:16,4
DA:18,4
DA:19,4
DA:20,4
DA:21,4
DA:24,4
DA:25,4
DA:26,4
DA:27,4
DA:29,4
DA:91,4
DA:92,4
DA:93,4
DA:107,4
DA:108,4
DA:109,4
DA:110,4
DA:111,4
DA:112,4
DA:113,6
DA:114,6
DA:115,6
DA:116,6
DA:117,6
DA:118,6
DA:119,6
DA:120,6
DA:121,4
DA:122,4
DA:123,4
DA:124,3
DA:125,3
DA:126,3
DA:127,3
DA:128,3
DA:129,3
DA:130,3
DA:131,3
DA:132,3
DA:133,3
DA:134,3
DA:135,3
DA:136,3
DA:137,3
DA:138,3
DA:139,3
DA:140,3
DA:141,3
DA:142,3
DA:143,3
DA:144,3
DA:145,3
DA:146,3
DA:147,3
DA:148,3
DA:149,3
DA:150,3
DA:151,3
DA:152,3
DA:153,3
DA:154,3
DA:155,3
DA:156,3
DA:157,3
DA:158,3
DA:159,3
DA:160,3
DA:161,3
DA:162,3
DA:163,3
DA:164,3
DA:165,3
DA:166,3
DA:167,3
DA:168,1
DA:169,1
DA:170,1
DA:171,1
DA:172,1
DA:173,3
DA:174,2
DA:175,2
DA:176,2
DA:177,2
DA:178,2
DA:179,3
DA:180,3
DA:181,4
DA:182,4
DA:183,4
DA:184,4
DA:185,4
DA:186,4
DA:187,4
DA:188,4
DA:189,4
DA:190,4
DA:191,4
DA:192,4
DA:193,4
DA:194,4
DA:219,4
DA:220,4
DA:221,4
DA:222,4
DA:223,4
DA:224,4
DA:225,4
DA:226,4
DA:227,4
DA:228,4
DA:229,111
DA:230,111
DA:231,111
DA:232,4
DA:233,4
DA:234,4
DA:235,4
DA:236,4
DA:237,4
DA:238,4
DA:239,4
DA:240,4
DA:241,4
DA:242,4
DA:243,4
DA:244,4
DA:245,4
DA:246,4
DA:247,4
DA:248,4
DA:249,111
DA:250,111
DA:251,4
DA:252,4
DA:253,4
DA:254,4
DA:255,14
DA:256,4
DA:257,4
DA:258,4
DA:259,4
DA:260,4
DA:261,14
DA:262,14
DA:263,4
DA:264,4
DA:265,4
DA:266,4
DA:267,88
DA:268,88
DA:269,88
DA:270,88
DA:271,88
DA:272,88
DA:273,88
DA:274,88
DA:275,88
DA:276,88
DA:277,88
DA:278,88
DA:279,88
DA:280,88
DA:281,88
DA:282,88
DA:283,88
DA:284,88
DA:285,88
DA:286,88
DA:287,88
DA:288,88
DA:289,88
DA:290,88
DA:291,6
DA:292,6
DA:293,6
DA:294,6
DA:295,6
DA:296,6
DA:297,6
DA:298,6
DA:299,6
DA:300,6
DA:301,6
DA:302,88
DA:303,88
DA:304,88
DA:305,88
DA:306,88
DA:307,88
DA:308,26
DA:309,26
DA:310,26
DA:311,26
DA:312,26
DA:313,26
DA:314,26
DA:315,26
DA:316,26
DA:317,26
DA:318,26
DA:319,23
DA:320,23
DA:321,23
DA:322,26
DA:323,26
DA:324,20
DA:325,20
DA:326,26
DA:327,26
DA:328,26
DA:329,26
DA:330,26
DA:331,26
DA:332,26
DA:333,26
DA:334,26
DA:335,26
DA:336,26
DA:337,26
DA:338,26
DA:339,26
DA:340,26
DA:341,26
DA:342,26
DA:343,26
DA:344,26
DA:345,26
DA:346,26
DA:347,26
DA:348,26
DA:349,26
DA:350,26
DA:351,26
DA:352,26
DA:353,26
DA:354,26
DA:355,26
DA:356,26
DA:357,26
DA:358,26
DA:359,1
DA:360,1
DA:361,1
DA:362,1
DA:363,88
DA:364,88
DA:365,88
DA:366,88
DA:367,88
DA:368,88
DA:369,88
DA:370,88
DA:371,3
DA:372,3
DA:373,3
DA:374,2
DA:375,3
DA:376,3
DA:377,3
DA:378,88
DA:379,88
DA:380,88
DA:381,88
DA:382,88
DA:383,88
DA:384,88
DA:385,88
DA:386,11
DA:387,11
DA:388,11
DA:389,11
DA:390,11
DA:391,11
DA:392,88
DA:393,88
DA:394,88
DA:395,88
DA:396,6
DA:397,6
DA:398,2
DA:399,2
DA:400,6
DA:401,6
DA:402,6
DA:403,6
DA:404,88
DA:405,88
DA:406,88
DA:407,88
DA:408,88
DA:409,72
DA:410,72
DA:411,72
DA:412,72
DA:413,88
DA:414,88
DA:415,88
DA:416,98
DA:417,72
DA:418,72
DA:419,88
DA:420,88
DA:421,88
DA:422,88
DA:423,88
DA:424,88
DA:425,88
DA:426,88
DA:427,88
DA:428,88
DA:429,196
DA:430,196
DA:431,196
DA:432,196
DA:433,196
DA:434,196
DA:435,196
DA:436,79
DA:437,0
DA:438,196
DA:439,196
DA:440,196
DA:441,84
DA:442,84
DA:443,84
DA:444,84
DA:445,84
DA:446,84
DA:447,84
DA:448,84
DA:449,84
DA:450,84
DA:451,84
DA:452,84
DA:453,84
DA:454,84
DA:455,84
DA:456,84
DA:457,84
DA:458,196
DA:459,196
DA:460,196
DA:461,196
DA:462,196
DA:463,196
DA:464,6
DA:465,6
DA:466,6
DA:467,196
DA:468,111
DA:469,111
DA:470,111
DA:471,111
DA:472,111
DA:473,111
DA:474,111
DA:475,111
DA:476,111
DA:477,111
DA:478,111
DA:479,111
DA:480,111
DA:481,111
DA:482,111
DA:483,111
DA:484,111
DA:485,1
DA:486,111
DA:487,3
DA:488,3
DA:489,3
DA:490,3
DA:491,3
DA:492,39
DA:493,36
DA:494,36
DA:495,36
DA:496,36
DA:497,36
DA:498,36
DA:499,36
DA:500,1
DA:501,1
DA:502,36
DA:503,14
DA:504,14
DA:505,14
DA:506,14
DA:507,1
DA:508,1
DA:509,1
DA:510,1
DA:511,1
DA:512,14
DA:513,11
DA:514,11
DA:515,11
DA:516,11
DA:517,11
DA:518,11
DA:519,11
DA:520,11
DA:521,11
DA:522,11
DA:523,11
DA:524,11
DA:525,11
DA:526,11
DA:527,11
DA:528,11
DA:529,11
DA:530,2
DA:531,2
DA:532,2
DA:533,11
DA:534,9
DA:535,9
DA:536,9
DA:537,9
DA:538,9
DA:539,9
DA:540,9
DA:541,9
DA:542,9
DA:543,9
DA:544,9
DA:545,9
DA:546,9
DA:547,9
DA:548,9
DA:549,11
DA:550,36
DA:551,36
DA:552,36
DA:553,111
DA:554,111
DA:555,111
DA:556,111
DA:557,111
DA:558,111
DA:559,111
DA:560,111
DA:561,111
DA:562,111
DA:563,111
DA:564,111
DA:565,111
DA:566,111
DA:567,111
DA:568,111
DA:569,111
DA:570,111
DA:571,111
DA:572,111
DA:573,111
DA:574,111
DA:575,111
DA:576,111
DA:577,33
DA:578,111
DA:579,111
DA:580,111
DA:581,111
DA:582,111
DA:583,111
DA:584,111
DA:585,111
DA:586,111
DA:587,111
DA:588,111
DA:589,111
DA:590,111
DA:591,111
DA:592,111
DA:593,111
DA:594,111
DA:595,111
DA:596,111
DA:597,111
DA:598,111
DA:599,111
DA:600,111
DA:601,111
DA:602,111
DA:603,111
DA:604,38
DA:605,38
DA:606,38
DA:607,38
DA:608,38
DA:609,38
DA:610,30
DA:611,28
DA:612,38
DA:613,38
DA:614,38
DA:615,38
DA:616,38
DA:617,38
DA:618,38
DA:619,38
DA:620,38
DA:621,38
DA:622,38
DA:623,38
DA:624,38
DA:625,38
DA:626,111
DA:627,111
DA:628,111
DA:629,111
DA:630,111
DA:631,111
DA:632,111
DA:633,111
DA:634,111
DA:635,111
DA:636,111
DA:637,196
DA:638,196
DA:639,196
DA:640,196
DA:641,196
DA:642,196
DA:643,196
DA:644,88
DA:645,88
LH:644
LF:645
end_of_record
SF:answer-set.ts
FN:221,anonymous_0
FN:1,AnswerSet
FN:1,TOOL_TOKEN_PREFIX
FN:1,answerItemFromString
FN:1,finalizeAnswer
FN:1,makeAnswerFacade
FN:1,resolveOutputs
FN:36,anonymous_7
FN:40,anonymous_8
FN:53,finalizeAnswer
FN:63,itemsToMarkdown
FN:74,anonymous_11
FN:81,toOutput
FN:103,resolveOutputs
FN:127,anonymous_14
FN:128,anonymous_15
FN:1,<static_initializer>
FN:138,<instance_members_initializer>
FN:141,add
FN:147,remove
FN:163,clear
FN:165,get length
FN:168,dump
FN:173,elements
FN:178,media
FN:187,toMarkdown
FN:211,anonymous_26
FN:221,makeAnswerFacade
FN:56,anonymous_28
FN:56,anonymous_29
FN:65,anonymous_30
FN:90,anonymous_31
FN:109,anonymous_32
FN:109,anonymous_33
FN:152,anonymous_34
FN:155,anonymous_35
FN:158,anonymous_36
FN:169,anonymous_37
FN:174,anonymous_38
FN:179,anonymous_39
FN:221,previewEl
FN:223,f.add
FN:230,f.remove
FN:231,f.clear
FN:232,f.dump
FN:233,f.toJSON
FN:234,anonymous_46
FNDA:0,anonymous_0
FNDA:22,AnswerSet
FNDA:2,TOOL_TOKEN_PREFIX
FNDA:2,answerItemFromString
FNDA:3,finalizeAnswer
FNDA:4,makeAnswerFacade
FNDA:2,resolveOutputs
FNDA:15,anonymous_7
FNDA:6,anonymous_8
FNDA:7,finalizeAnswer
FNDA:9,itemsToMarkdown
FNDA:3,anonymous_11
FNDA:8,toOutput
FNDA:9,resolveOutputs
FNDA:36,anonymous_14
FNDA:36,anonymous_15
FNDA:7,<static_initializer>
FNDA:46,<instance_members_initializer>
FNDA:47,add
FNDA:8,remove
FNDA:5,clear
FNDA:44,get length
FNDA:14,dump
FNDA:3,elements
FNDA:2,media
FNDA:2,toMarkdown
FNDA:6,anonymous_26
FNDA:23,makeAnswerFacade
FNDA:8,anonymous_28
FNDA:6,anonymous_29
FNDA:8,anonymous_30
FNDA:2,anonymous_31
FNDA:10,anonymous_32
FNDA:0,anonymous_33
FNDA:5,anonymous_34
FNDA:4,anonymous_35
FNDA:1,anonymous_36
FNDA:36,anonymous_37
FNDA:5,anonymous_38
FNDA:4,anonymous_39
FNDA:0,previewEl
FNDA:9,f.add
FNDA:2,f.remove
FNDA:2,f.clear
FNDA:3,f.dump
FNDA:2,f.toJSON
FNDA:20,anonymous_46
FNF:47
FNH:44
BRDA:1,0,0,7
BRDA:221,1,0,0
BRDA:1,2,0,22
BRDA:1,3,0,2
BRDA:1,4,0,2
BRDA:1,5,0,3
BRDA:1,6,0,4
BRDA:1,7,0,2
BRDA:36,8,0,15
BRDA:37,9,0,10
BRDA:37,10,0,7
BRDA:37,11,0,2
BRDA:37,12,0,5
BRDA:40,13,0,6
BRDA:40,14,0,0
BRDA:53,15,0,7
BRDA:63,16,0,9
BRDA:64,17,0,4
BRDA:74,18,0,3
BRDA:75,19,0,0
BRDA:76,20,0,2
BRDA:76,21,0,1
BRDA:76,22,0,0
BRDA:77,23,0,2
BRDA:81,24,0,8
BRDA:84,25,0,6
BRDA:84,26,0,3
BRDA:85,27,0,2
BRDA:86,28,0,1
BRDA:86,29,0,0
BRDA:87,30,0,1
BRDA:89,31,0,5
BRDA:89,32,0,3
BRDA:89,33,0,0
BRDA:90,34,0,5
BRDA:90,35,0,3
BRDA:90,36,0,1
BRDA:91,37,0,4
BRDA:91,38,0,2
BRDA:91,39,0,0
BRDA:92,40,0,4
BRDA:92,41,0,2
BRDA:92,42,0,1
BRDA:93,43,0,3
BRDA:93,44,0,1
BRDA:93,45,0,1
BRDA:93,46,0,0
BRDA:94,47,0,2
BRDA:94,48,0,0
BRDA:103,49,0,8
BRDA:105,50,0,1
BRDA:109,51,0,9
BRDA:109,52,0,8
BRDA:127,53,0,36
BRDA:127,54,0,1
BRDA:127,55,0,18
BRDA:128,56,0,36
BRDA:129,57,0,12
BRDA:129,58,0,23
BRDA:130,59,0,5
BRDA:130,60,0,1
BRDA:130,61,0,4
BRDA:130,62,0,4
BRDA:1,63,0,7
BRDA:138,64,0,46
BRDA:141,65,0,47
BRDA:147,66,0,8
BRDA:149,67,0,4
BRDA:150,68,0,3
BRDA:150,69,0,2
BRDA:151,70,0,3
BRDA:151,71,0,2
BRDA:154,72,0,1
BRDA:158,73,0,6
BRDA:163,74,0,5
BRDA:165,75,0,44
BRDA:168,76,0,14
BRDA:173,77,0,3
BRDA:178,78,0,2
BRDA:187,79,0,2
BRDA:211,80,0,6
BRDA:211,81,0,3
BRDA:221,82,0,23
BRDA:56,83,0,8
BRDA:56,84,0,6
BRDA:56,85,0,6
BRDA:65,86,0,8
BRDA:66,87,0,2
BRDA:67,88,0,5
BRDA:67,89,0,4
BRDA:68,90,0,1
BRDA:90,91,0,2
BRDA:90,92,0,1
BRDA:109,93,0,10
BRDA:152,94,0,5
BRDA:153,95,0,1
BRDA:153,96,0,4
BRDA:153,97,0,2
BRDA:153,98,0,3
BRDA:155,99,0,4
BRDA:155,100,0,2
BRDA:158,101,0,1
BRDA:169,102,0,36
BRDA:174,103,0,5
BRDA:174,104,0,2
BRDA:174,105,0,1
BRDA:179,106,0,4
BRDA:179,107,0,2
BRDA:179,108,0,1
BRDA:223,109,0,9
BRDA:224,110,0,2
BRDA:225,111,0,3
BRDA:225,112,0,1
BRDA:225,113,0,4
BRDA:226,114,0,5
BRDA:227,115,0,4
BRDA:227,116,0,1
BRDA:228,117,0,1
BRDA:224,118,0,2
BRDA:230,119,0,2
BRDA:231,120,0,2
BRDA:232,121,0,3
BRDA:233,122,0,2
BRDA:234,123,0,20
BRF:124
BRH:115
DA:1,7
DA:2,7
DA:3,7
DA:4,7
DA:5,7
DA:6,7
DA:7,7
DA:8,7
DA:9,7
DA:10,7
DA:11,7
DA:12,7
DA:13,7
DA:15,7
DA:16,7
DA:17,7
DA:18,7
DA:19,7
DA:24,7
DA:25,7
DA:26,7
DA:27,7
DA:28,7
DA:29,7
DA:30,7
DA:31,7
DA:32,7
DA:33,7
DA:34,7
DA:35,7
DA:36,7
DA:37,7
DA:38,7
DA:39,7
DA:40,7
DA:41,7
DA:42,7
DA:43,7
DA:44,7
DA:45,7
DA:46,7
DA:47,7
DA:48,7
DA:49,7
DA:50,7
DA:51,7
DA:52,7
DA:53,7
DA:54,7
DA:55,7
DA:56,7
DA:57,7
DA:58,7
DA:59,7
DA:60,7
DA:61,7
DA:62,7
DA:63,7
DA:64,7
DA:65,7
DA:66,8
DA:67,8
DA:68,8
DA:69,7
DA:70,7
DA:71,7
DA:72,7
DA:73,7
DA:74,7
DA:75,7
DA:76,7
DA:77,7
DA:78,7
DA:79,7
DA:80,7
DA:81,7
DA:82,7
DA:83,7
DA:84,7
DA:85,7
DA:86,7
DA:87,7
DA:88,7
DA:89,7
DA:90,7
DA:91,7
DA:92,7
DA:93,7
DA:94,7
DA:95,7
DA:96,7
DA:97,7
DA:98,7
DA:99,7
DA:100,7
DA:101,7
DA:102,7
DA:103,7
DA:104,7
DA:105,7
DA:106,7
DA:107,7
DA:108,7
DA:109,7
DA:110,7
DA:111,7
DA:112,7
DA:113,7
DA:114,7
DA:120,7
DA:121,7
DA:122,7
DA:123,7
DA:124,7
DA:125,7
DA:126,7
DA:127,7
DA:128,7
DA:129,7
DA:130,7
DA:131,7
DA:132,7
DA:133,7
DA:134,7
DA:135,7
DA:136,7
DA:137,7
DA:138,7
DA:139,7
DA:140,7
DA:141,7
DA:142,47
DA:143,47
DA:144,47
DA:145,7
DA:146,7
DA:147,7
DA:148,8
DA:149,8
DA:150,4
DA:151,8
DA:152,2
DA:153,2
DA:154,3
DA:155,1
DA:156,1
DA:157,8
DA:158,8
DA:159,8
DA:160,8
DA:161,7
DA:162,7
DA:163,7
DA:164,7
DA:165,7
DA:166,7
DA:167,7
DA:168,7
DA:169,14
DA:170,14
DA:171,7
DA:172,7
DA:173,7
DA:174,3
DA:175,3
DA:176,7
DA:177,7
DA:178,7
DA:179,2
DA:180,2
DA:181,7
DA:182,7
DA:183,7
DA:184,7
DA:185,7
DA:186,7
DA:187,7
DA:188,2
DA:189,2
DA:190,7
DA:191,7
DA:192,7
DA:193,7
DA:194,7
DA:195,7
DA:196,7
DA:209,7
DA:210,7
DA:211,7
DA:212,7
DA:213,7
DA:214,7
DA:215,7
DA:216,7
DA:217,7
DA:218,7
DA:219,7
DA:220,7
DA:221,0
DA:222,23
DA:223,23
DA:224,9
DA:225,9
DA:226,9
DA:227,9
DA:228,9
DA:229,23
DA:230,23
DA:231,23
DA:232,23
DA:233,23
DA:234,23
DA:235,23
DA:236,23
LH:235
LF:236
end_of_record
SF:answer-tokens.ts
FN:92,anonymous_0
FN:1,hasTokens
FN:1,resolveToken
FN:1,resolveTokenStep
FN:1,splitAnswer
FN:1,tokenIdsIn
FN:30,anonymous_6
FN:31,anonymous_7
FN:38,splitAnswer
FN:57,anonymous_9
FN:63,tokenIdsIn
FN:75,resolveToken
FN:92,resolveTokenStep
FN:58,anonymous_13
FN:93,anonymous_14
FN:93,anonymous_15
FNDA:0,anonymous_0
FNDA:21,hasTokens
FNDA:11,resolveToken
FNDA:9,resolveTokenStep
FNDA:6,splitAnswer
FNDA:25,tokenIdsIn
FNDA:67,anonymous_6
FNDA:29,anonymous_7
FNDA:44,splitAnswer
FNDA:24,anonymous_9
FNDA:23,tokenIdsIn
FNDA:37,resolveToken
FNDA:18,resolveTokenStep
FNDA:28,anonymous_13
FNDA:56,anonymous_14
FNDA:14,anonymous_15
FNF:16
FNH:15
BRDA:1,0,0,9
BRDA:92,1,0,0
BRDA:1,2,0,21
BRDA:1,3,0,11
BRDA:1,4,0,9
BRDA:1,5,0,6
BRDA:1,6,0,25
BRDA:30,7,0,67
BRDA:31,8,0,29
BRDA:38,9,0,44
BRDA:41,10,0,29
BRDA:45,11,0,9
BRDA:45,12,0,3
BRDA:45,13,0,7
BRDA:46,14,0,8
BRDA:47,15,0,1
BRDA:48,16,0,8
BRDA:48,17,0,1
BRDA:48,18,0,5
BRDA:48,19,0,17
BRDA:51,20,0,14
BRDA:46,21,0,0
BRDA:48,22,0,0
BRDA:52,23,0,0
BRDA:57,24,0,24
BRDA:63,25,0,23
BRDA:65,26,0,4
BRDA:65,27,0,12
BRDA:75,28,0,27
BRDA:80,29,0,37
BRDA:80,30,0,18
BRDA:81,31,0,9
BRDA:83,32,0,9
BRDA:82,33,0,22
BRDA:82,34,0,13
BRDA:82,35,0,5
BRDA:92,36,0,18
BRDA:58,37,0,28
BRDA:93,38,0,56
BRDA:93,39,0,14
BRF:40
BRH:36
DA:1,9
DA:2,9
DA:3,9
DA:4,9
DA:5,9
DA:6,9
DA:7,9
DA:8,9
DA:9,9
DA:10,9
DA:11,9
DA:12,9
DA:13,9
DA:14,9
DA:15,9
DA:16,9
DA:17,9
DA:18,9
DA:22,9
DA:23,9
DA:24,9
DA:25,9
DA:26,9
DA:27,9
DA:28,9
DA:29,9
DA:30,9
DA:31,9
DA:32,9
DA:33,9
DA:34,9
DA:35,9
DA:36,9
DA:37,9
DA:38,9
DA:39,44
DA:40,44
DA:41,44
DA:42,29
DA:43,29
DA:44,29
DA:45,29
DA:46,29
DA:47,29
DA:48,29
DA:49,29
DA:50,29
DA:51,44
DA:52,44
DA:53,44
DA:54,9
DA:55,9
DA:56,9
DA:57,9
DA:58,9
DA:59,9
DA:60,9
DA:61,9
DA:62,9
DA:63,9
DA:64,23
DA:65,23
DA:66,23
DA:67,23
DA:68,9
DA:69,9
DA:70,9
DA:71,9
DA:72,9
DA:73,9
DA:74,9
DA:75,9
DA:76,27
DA:77,27
DA:78,27
DA:79,27
DA:80,27
DA:81,27
DA:82,27
DA:83,27
DA:84,27
DA:85,9
DA:86,9
DA:87,9
DA:88,9
DA:89,9
DA:90,9
DA:91,9
DA:92,0
DA:93,18
DA:94,18
LH:93
LF:94
end_of_record
SF:api-docs-query.ts
FN:341,anonymous_0
FN:1,GRAPH_BUDGET
FN:1,isDefaultQuery
FN:1,queryApiDocs
FN:78,anonymous_4
FN:84,anonymous_5
FN:94,anonymous_6
FN:105,anonymous_7
FN:138,anonymous_8
FN:149,anonymous_9
FN:153,anonymous_10
FN:166,anonymous_11
FN:173,anonymous_12
FN:183,anonymous_13
FN:205,anonymous_14
FN:216,anonymous_15
FN:219,anonymous_16
FN:239,anonymous_17
FN:261,anonymous_18
FN:273,anonymous_19
FN:285,anonymous_20
FN:287,anonymous_21
FN:287,anonymous_22
FN:289,anonymous_23
FN:291,anonymous_24
FN:294,anonymous_25
FN:295,anonymous_26
FN:299,anonymous_27
FN:302,anonymous_28
FN:304,anonymous_29
FN:310,anonymous_30
FN:312,anonymous_31
FN:315,anonymous_32
FN:332,queryApiDocs
FN:334,anonymous_34
FN:335,anonymous_35
FN:341,anonymous_36
FN:343,anonymous_37
FN:344,anonymous_38
FNDA:0,anonymous_0
FNDA:1,GRAPH_BUDGET
FNDA:1,isDefaultQuery
FNDA:1,queryApiDocs
FNDA:3060,anonymous_4
FNDA:88158,anonymous_5
FNDA:61,anonymous_6
FNDA:5959,anonymous_7
FNDA:1247,anonymous_8
FNDA:182,anonymous_9
FNDA:34,anonymous_10
FNDA:9,anonymous_11
FNDA:75,anonymous_12
FNDA:6,anonymous_13
FNDA:6,anonymous_14
FNDA:98,anonymous_15
FNDA:1326,anonymous_16
FNDA:19,anonymous_17
FNDA:98,anonymous_18
FNDA:2,anonymous_19
FNDA:8,anonymous_20
FNDA:102,anonymous_21
FNDA:106,anonymous_22
FNDA:6,anonymous_23
FNDA:14,anonymous_24
FNDA:33,anonymous_25
FNDA:33,anonymous_26
FNDA:3,anonymous_27
FNDA:0,anonymous_28
FNDA:3,anonymous_29
FNDA:3,anonymous_30
FNDA:3,anonymous_31
FNDA:2,anonymous_32
FNDA:67,queryApiDocs
FNDA:49,anonymous_34
FNDA:8,anonymous_35
FNDA:7,anonymous_36
FNDA:1,anonymous_37
FNDA:1,anonymous_38
FNF:39
FNH:37
BRDA:1,0,0,2
BRDA:341,1,0,0
BRDA:1,2,0,1
BRDA:1,3,0,1
BRDA:1,4,0,1
BRDA:78,5,0,3060
BRDA:80,6,0,0
BRDA:84,7,0,1720
BRDA:86,8,0,88158
BRDA:87,9,0,87727
BRDA:87,10,0,86387
BRDA:87,11,0,2252
BRDA:87,12,0,85906
BRDA:88,13,0,85475
BRDA:88,14,0,84135
BRDA:88,15,0,2252
BRDA:94,16,0,61
BRDA:96,17,0,0
BRDA:105,18,0,61
BRDA:107,19,0,0
BRDA:111,20,0,5959
BRDA:113,21,0,4582
BRDA:113,22,0,1659
BRDA:113,23,0,4300
BRDA:118,24,0,1659
BRDA:118,25,0,0
BRDA:119,26,0,1340
BRDA:123,27,0,0
BRDA:131,28,0,319
BRDA:131,29,0,185
BRDA:132,30,0,319
BRDA:138,31,0,145
BRDA:140,32,0,0
BRDA:140,33,0,1247
BRDA:140,34,0,341
BRDA:149,35,0,53
BRDA:154,36,0,34
BRDA:155,37,0,98
BRDA:158,38,0,182
BRDA:158,39,0,64
BRDA:153,40,0,34
BRDA:166,41,0,9
BRDA:166,42,0,3
BRDA:166,43,0,6
BRDA:173,44,0,75
BRDA:174,45,0,61
BRDA:175,46,0,14
BRDA:175,47,0,6
BRDA:176,48,0,8
BRDA:183,49,0,6
BRDA:205,50,0,6
BRDA:216,51,0,53
BRDA:227,52,0,49
BRDA:229,53,0,1
BRDA:230,54,0,48
BRDA:230,55,0,1
BRDA:231,56,0,47
BRDA:234,57,0,29
BRDA:235,58,0,47
BRDA:236,59,0,8
BRDA:238,60,0,1
BRDA:239,61,0,7
BRDA:240,62,0,6
BRDA:240,63,0,1
BRDA:242,64,0,1
BRDA:250,65,0,98
BRDA:253,66,0,12
BRDA:253,67,0,6
BRDA:254,68,0,92
BRDA:254,69,0,62
BRDA:254,70,0,77
BRDA:256,71,0,6
BRDA:258,72,0,47
BRDA:264,73,0,28
BRDA:264,74,0,24
BRDA:267,75,0,29
BRDA:267,76,0,4
BRDA:271,77,0,1
BRDA:219,78,0,1326
BRDA:239,79,0,19
BRDA:261,80,0,98
BRDA:261,81,0,64
BRDA:261,82,0,17
BRDA:261,83,0,2
BRDA:273,84,0,2
BRDA:285,85,0,8
BRDA:300,86,0,0
BRDA:303,87,0,3
BRDA:307,88,0,1
BRDA:311,89,0,7
BRDA:311,90,0,3
BRDA:314,91,0,1
BRDA:318,92,0,7
BRDA:287,93,0,102
BRDA:287,94,0,106
BRDA:289,95,0,6
BRDA:289,96,0,5
BRDA:291,97,0,14
BRDA:291,98,0,13
BRDA:294,99,0,33
BRDA:295,100,0,33
BRDA:295,101,0,31
BRDA:299,102,0,3
BRDA:304,103,0,3
BRDA:310,104,0,3
BRDA:312,105,0,3
BRDA:315,106,0,2
BRDA:332,107,0,67
BRDA:333,108,0,8
BRDA:333,109,0,8
BRDA:334,110,0,59
BRDA:334,111,0,11
BRDA:335,112,0,52
BRDA:336,113,0,11
BRDA:336,114,0,53
BRDA:337,115,0,6
BRDA:334,116,0,49
BRDA:335,117,0,8
BRDA:341,118,0,7
BRDA:342,119,0,2
BRDA:342,120,0,6
BRDA:343,121,0,4
BRDA:343,122,0,5
BRDA:344,123,0,3
BRDA:343,124,0,1
BRDA:344,125,0,1
BRF:126
BRH:118
DA:1,2
DA:2,2
DA:3,2
DA:4,2
DA:5,2
DA:6,2
DA:7,2
DA:8,2
DA:9,2
DA:10,2
DA:11,2
DA:12,2
DA:13,2
DA:14,2
DA:15,2
DA:16,2
DA:17,2
DA:18,2
DA:19,2
DA:20,2
DA:21,2
DA:22,2
DA:23,2
DA:24,2
DA:25,2
DA:34,2
DA:35,2
DA:36,2
DA:37,2
DA:38,2
DA:39,2
DA:40,2
DA:47,2
DA:48,2
DA:60,2
DA:61,2
DA:62,2
DA:63,2
DA:64,2
DA:65,2
DA:66,2
DA:67,2
DA:68,2
DA:69,2
DA:70,2
DA:71,2
DA:72,2
DA:73,2
DA:74,2
DA:76,2
DA:77,2
DA:78,2
DA:79,3060
DA:80,3060
DA:81,2
DA:82,2
DA:83,2
DA:84,2
DA:85,1720
DA:86,1720
DA:87,88158
DA:88,88158
DA:89,88158
DA:90,1720
DA:91,2
DA:92,2
DA:93,2
DA:94,2
DA:95,61
DA:96,61
DA:97,2
DA:98,2
DA:99,2
DA:100,2
DA:101,2
DA:102,2
DA:103,2
DA:104,2
DA:105,2
DA:106,61
DA:107,61
DA:108,61
DA:109,61
DA:110,61
DA:111,61
DA:112,5959
DA:113,5959
DA:114,4300
DA:115,4300
DA:116,4300
DA:117,5959
DA:118,5959
DA:119,5959
DA:120,1340
DA:121,1340
DA:122,1340
DA:123,1340
DA:124,0
DA:125,0
DA:126,0
DA:127,1340
DA:128,1340
DA:129,1340
DA:130,1340
DA:131,5959
DA:132,5959
DA:133,319
DA:134,61
DA:135,2
DA:136,2
DA:137,2
DA:138,2
DA:139,145
DA:140,145
DA:141,145
DA:142,2
DA:143,2
DA:144,2
DA:145,2
DA:146,2
DA:147,2
DA:148,2
DA:149,2
DA:150,53
DA:151,53
DA:152,53
DA:153,53
DA:154,53
DA:155,53
DA:156,98
DA:157,98
DA:158,98
DA:159,98
DA:160,53
DA:161,2
DA:162,2
DA:163,2
DA:164,2
DA:165,2
DA:166,2
DA:167,2
DA:168,2
DA:169,2
DA:170,2
DA:171,2
DA:172,2
DA:173,2
DA:174,75
DA:175,75
DA:176,75
DA:177,75
DA:178,2
DA:179,2
DA:180,2
DA:181,2
DA:182,2
DA:183,2
DA:184,6
DA:185,6
DA:186,6
DA:187,6
DA:188,6
DA:189,6
DA:190,6
DA:191,6
DA:192,6
DA:193,6
DA:194,6
DA:195,6
DA:196,6
DA:197,6
DA:198,6
DA:199,6
DA:200,6
DA:201,6
DA:202,6
DA:203,6
DA:204,6
DA:205,6
DA:206,6
DA:207,2
DA:208,2
DA:209,2
DA:210,2
DA:211,2
DA:212,2
DA:213,2
DA:214,2
DA:215,2
DA:216,2
DA:217,53
DA:218,53
DA:219,53
DA:220,53
DA:221,53
DA:222,53
DA:223,53
DA:224,53
DA:225,53
DA:226,53
DA:227,53
DA:228,49
DA:229,49
DA:230,49
DA:231,49
DA:232,47
DA:233,47
DA:234,49
DA:235,49
DA:236,53
DA:237,8
DA:238,8
DA:239,8
DA:240,8
DA:241,8
DA:242,53
DA:243,53
DA:244,53
DA:245,53
DA:246,53
DA:247,53
DA:248,53
DA:249,53
DA:250,53
DA:251,98
DA:252,98
DA:253,98
DA:254,98
DA:255,77
DA:256,77
DA:257,77
DA:258,77
DA:259,77
DA:260,98
DA:261,53
DA:262,53
DA:263,53
DA:264,53
DA:265,24
DA:266,24
DA:267,53
DA:268,4
DA:269,4
DA:270,4
DA:271,53
DA:272,1
DA:273,1
DA:274,1
DA:275,53
DA:276,2
DA:277,2
DA:278,2
DA:279,2
DA:280,2
DA:281,2
DA:282,2
DA:283,2
DA:284,2
DA:285,2
DA:286,8
DA:287,8
DA:288,8
DA:289,8
DA:290,8
DA:291,8
DA:292,8
DA:293,8
DA:294,8
DA:295,8
DA:296,8
DA:297,8
DA:298,8
DA:299,8
DA:300,8
DA:301,0
DA:302,0
DA:303,8
DA:304,3
DA:305,3
DA:306,3
DA:307,8
DA:308,1
DA:309,1
DA:310,1
DA:311,8
DA:312,3
DA:313,3
DA:314,8
DA:315,1
DA:316,1
DA:317,1
DA:318,8
DA:319,2
DA:320,2
DA:321,2
DA:322,2
DA:323,2
DA:324,2
DA:325,2
DA:326,2
DA:327,2
DA:328,2
DA:329,2
DA:330,2
DA:331,2
DA:332,2
DA:333,67
DA:334,67
DA:335,67
DA:336,67
DA:337,67
DA:338,67
DA:339,2
DA:340,2
DA:341,0
DA:342,7
DA:343,7
DA:344,0
LH:337
LF:344
end_of_record
SF:api-docs.gen.ts
FN:4,anonymous_0
FN:1,ML_API_DOCS
FN:1,ML_API_PARTS
FNDA:0,anonymous_0
FNDA:0,ML_API_DOCS
FNDA:0,ML_API_PARTS
FNF:3
FNH:0
BRDA:1,0,0,1
BRDA:4,1,0,0
BRF:2
BRH:1
DA:1,1
DA:2,1
DA:3,1
DA:4,0
LH:3
LF:4
end_of_record
SF:approval.ts
FN:82,anonymous_0
FN:1,defaultApprove
FN:1,formatReadonlyExec
FN:1,logStep
FN:1,normalizeApproval
FN:1,renderArgs
FN:16,anonymous_6
FN:20,anonymous_7
FN:33,anonymous_8
FN:47,anonymous_9
FN:66,anonymous_10
FN:82,formatReadonlyExec
FN:84,anonymous_12
FN:91,anonymous_13
FNDA:0,anonymous_0
FNDA:0,defaultApprove
FNDA:2,formatReadonlyExec
FNDA:0,logStep
FNDA:0,normalizeApproval
FNDA:0,renderArgs
FNDA:0,anonymous_6
FNDA:0,anonymous_7
FNDA:0,anonymous_8
FNDA:0,anonymous_9
FNDA:0,anonymous_10
FNDA:2,formatReadonlyExec
FNDA:2,anonymous_12
FNDA:2,anonymous_13
FNF:14
FNH:4
BRDA:1,0,0,1
BRDA:82,1,0,0
BRDA:1,2,0,2
BRDA:82,3,0,2
BRDA:83,4,0,0
BRDA:85,5,0,0
BRDA:89,6,0,0
BRDA:90,7,0,0
BRDA:93,8,0,0
BRDA:98,9,0,0
BRDA:99,10,0,0
BRDA:99,11,0,0
BRDA:84,12,0,2
BRDA:84,13,0,0
BRDA:91,14,0,2
BRF:15
BRH:5
DA:1,1
DA:2,1
DA:3,1
DA:4,1
DA:5,1
DA:7,1
DA:8,1
DA:9,1
DA:10,1
DA:11,1
DA:12,1
DA:13,1
DA:14,1
DA:15,1
DA:16,1
DA:17,0
DA:18,0
DA:19,1
DA:20,1
DA:21,0
DA:22,0
DA:23,1
DA:24,1
DA:25,1
DA:26,1
DA:27,1
DA:28,1
DA:29,1
DA:30,1
DA:31,1
DA:32,1
DA:33,1
DA:34,0
DA:35,1
DA:36,1
DA:37,1
DA:38,1
DA:39,1
DA:40,1
DA:41,1
DA:42,1
DA:43,1
DA:44,1
DA:45,1
DA:46,1
DA:47,1
DA:48,0
DA:49,0
DA:50,0
DA:51,0
DA:52,1
DA:53,1
DA:54,1
DA:55,1
DA:56,1
DA:57,1
DA:58,1
DA:59,1
DA:60,1
DA:61,1
DA:62,1
DA:63,1
DA:64,1
DA:65,1
DA:66,1
DA:67,0
DA:68,0
DA:69,0
DA:70,0
DA:71,0
DA:72,0
DA:73,0
DA:74,0
DA:75,0
DA:76,1
DA:77,1
DA:78,1
DA:79,1
DA:80,1
DA:81,1
DA:82,2
DA:83,2
DA:84,2
DA:85,2
DA:86,0
DA:87,0
DA:88,2
DA:89,2
DA:90,2
DA:91,2
DA:92,2
DA:93,2
DA:94,0
DA:95,0
DA:96,0
DA:97,2
DA:98,2
DA:99,2
DA:100,2
DA:101,2
DA:102,2
LH:79
LF:102
end_of_record
SF:auto-approve.ts
FN:20,anonymous_0
FN:1,autoApprovePython
FN:20,autoApprovePython
FN:23,isSheetApproved
FN:29,anonymous_4
FNDA:0,anonymous_0
FNDA:7,autoApprovePython
FNDA:18,autoApprovePython
FNDA:0,isSheetApproved
FNDA:6,anonymous_4
FNF:5
FNH:3
BRDA:1,0,0,2
BRDA:20,1,0,0
BRDA:1,2,0,7
BRDA:20,3,0,18
BRDA:26,4,0,2
BRDA:27,5,0,15
BRDA:28,6,0,14
BRDA:29,7,0,13
BRDA:29,8,0,3
BRDA:30,9,0,10
BRDA:25,10,0,1
BRDA:26,11,0,11
BRDA:27,12,0,1
BRDA:28,13,0,0
BRDA:28,14,0,1
BRDA:29,15,0,6
BRF:16
BRH:14
DA:1,2
DA:2,2
DA:3,2
DA:4,2
DA:5,2
DA:6,2
DA:7,2
DA:8,2
DA:9,2
DA:10,2
DA:11,2
DA:12,2
DA:13,2
DA:14,2
DA:16,2
DA:17,2
DA:18,2
DA:19,2
DA:20,12
DA:21,18
DA:22,18
DA:23,18
DA:24,18
DA:25,18
DA:26,18
DA:27,18
DA:28,18
DA:29,18
DA:30,18
DA:31,18
LH:31
LF:31
end_of_record
SF:bridge.ts
FN:138,anonymous_0
FN:1,hideSidebarForShot
FN:1,makeBackgroundTaskPromise
FN:1,makeChatRequest
FN:1,makeStreamingTaskPromise
FN:19,anonymous_5
FN:40,anonymous_6
FN:100,anonymous_7
FN:138,anonymous_8
FNDA:0,anonymous_0
FNDA:0,hideSidebarForShot
FNDA:0,makeBackgroundTaskPromise
FNDA:0,makeChatRequest
FNDA:0,makeStreamingTaskPromise
FNDA:0,anonymous_5
FNDA:0,anonymous_6
FNDA:0,anonymous_7
FNDA:0,anonymous_8
FNF:9
FNH:0
BRDA:1,0,0,3
BRDA:138,1,0,0
BRF:2
BRH:1
DA:1,3
DA:2,3
DA:3,3
DA:4,3
DA:5,3
DA:6,3
DA:7,3
DA:9,3
DA:10,3
DA:11,3
DA:12,3
DA:13,3
DA:14,3
DA:15,3
DA:16,3
DA:17,3
DA:18,3
DA:19,3
DA:20,0
DA:21,0
DA:22,0
DA:23,0
DA:24,0
DA:25,0
DA:26,0
DA:27,0
DA:28,3
DA:29,3
DA:30,3
DA:31,3
DA:32,3
DA:33,3
DA:34,3
DA:35,3
DA:36,3
DA:37,3
DA:38,3
DA:39,3
DA:40,3
DA:41,0
DA:42,0
DA:43,0
DA:44,0
DA:45,0
DA:46,0
DA:47,0
DA:48,0
DA:49,0
DA:50,0
DA:51,0
DA:52,0
DA:53,0
DA:54,0
DA:55,0
DA:56,0
DA:57,0
DA:58,0
DA:59,0
DA:60,0
DA:61,0
DA:62,0
DA:63,0
DA:64,0
DA:65,0
DA:66,0
DA:67,0
DA:68,0
DA:69,0
DA:70,0
DA:71,0
DA:72,0
DA:73,0
DA:74,0
DA:75,0
DA:76,0
DA:77,0
DA:78,0
DA:79,0
DA:80,0
DA:81,0
DA:82,0
DA:83,0
DA:84,0
DA:85,0
DA:86,0
DA:87,0
DA:88,0
DA:89,0
DA:90,0
DA:91,3
DA:92,3
DA:93,3
DA:94,3
DA:95,3
DA:96,3
DA:97,3
DA:98,3
DA:99,3
DA:100,3
DA:101,0
DA:102,0
DA:103,0
DA:104,0
DA:105,0
DA:106,0
DA:107,0
DA:108,0
DA:109,0
DA:110,0
DA:111,0
DA:112,0
DA:113,0
DA:114,0
DA:115,0
DA:116,0
DA:117,0
DA:118,0
DA:119,0
DA:120,0
DA:121,0
DA:122,0
DA:123,0
DA:124,0
DA:125,0
DA:126,0
DA:127,3
DA:128,3
DA:129,3
DA:130,3
DA:131,3
DA:132,3
DA:133,3
DA:134,3
DA:135,3
DA:136,3
DA:137,3
DA:138,3
DA:139,0
DA:140,0
DA:141,0
DA:142,0
DA:143,0
DA:144,0
DA:145,0
DA:146,0
DA:147,0
DA:148,0
DA:149,0
DA:150,0
DA:151,0
DA:152,0
DA:153,0
DA:154,0
DA:155,0
DA:156,0
DA:157,0
DA:158,0
DA:159,0
DA:160,0
DA:161,0
DA:162,0
DA:163,0
DA:164,0
DA:165,0
DA:166,0
DA:167,0
DA:168,0
DA:169,0
DA:170,0
DA:171,0
DA:172,0
DA:173,0
DA:174,0
DA:175,0
DA:176,0
DA:177,0
DA:178,0
DA:179,0
DA:180,0
DA:181,0
DA:182,0
LH:54
LF:182
end_of_record
SF:build-info.gen.ts
FN:15,anonymous_0
FN:1,BUILD_INFO
FNDA:0,anonymous_0
FNDA:58,BUILD_INFO
FNF:2
FNH:1
BRDA:1,0,0,3
BRDA:15,1,0,0
BRDA:1,2,0,58
BRF:3
BRH:2
DA:1,3
DA:2,3
DA:3,3
DA:4,3
DA:5,3
DA:6,3
DA:7,3
DA:8,3
DA:9,3
DA:10,3
DA:11,3
DA:12,3
DA:13,3
DA:14,3
DA:15,0
LH:14
LF:15
end_of_record
SF:builtin-tools.ts
FN:1398,anonymous_0
FN:1,BOX_OVER_TEXT_TIP
FN:1,CLICK_MARK_NOTE
FN:1,VIEWS_PARAM
FN:1,actionRender
FN:1,buildClickTool
FN:1,buildLocateTool
FN:1,buildLookTool
FN:1,buildPythonTool
FN:1,buildTypeTool
FN:1,captureVerify
FN:1,captureVerifyElement
FN:1,isTypeableEl
FN:1,legendFor
FN:1,legendForBox
FN:1,lookViews
FN:1,setCdpEnabled
FN:1,targetRender
FN:24,anonymous_18
FN:31,anonymous_19
FN:44,anonymous_20
FN:57,anonymous_21
FN:84,anonymous_22
FN:92,anonymous_23
FN:98,anonymous_24
FN:111,anonymous_25
FN:114,anonymous_26
FN:118,anonymous_27
FN:120,anonymous_28
FN:120,anonymous_29
FN:137,anonymous_30
FN:148,anonymous_31
FN:187,anonymous_32
FN:219,lookViews
FN:237,boxForTarget
FN:247,legendFor
FN:251,legendForBox
FN:255,anonymous_37
FN:369,anonymous_38
FN:1070,anonymous_39
FN:1092,captureVerify
FN:1130,captureVerifyElement
FN:1147,anonymous_42
FN:1152,anonymous_43
FN:1156,anonymous_44
FN:1189,anonymous_45
FN:1190,anonymous_46
FN:1263,anonymous_47
FN:1266,anonymous_48
FN:1311,anonymous_49
FN:1314,anonymous_50
FN:1380,anonymous_51
FN:1385,anonymous_52
FN:1393,anonymous_53
FN:1395,anonymous_54
FN:1398,anonymous_55
FNDA:0,anonymous_0
FNDA:2,BOX_OVER_TEXT_TIP
FNDA:2,CLICK_MARK_NOTE
FNDA:2,VIEWS_PARAM
FNDA:2,actionRender
FNDA:2,buildClickTool
FNDA:2,buildLocateTool
FNDA:2,buildLookTool
FNDA:2,buildPythonTool
FNDA:2,buildTypeTool
FNDA:2,captureVerify
FNDA:2,captureVerifyElement
FNDA:2,isTypeableEl
FNDA:2,legendFor
FNDA:2,legendForBox
FNDA:2,lookViews
FNDA:2,setCdpEnabled
FNDA:2,targetRender
FNDA:4,anonymous_18
FNDA:3,anonymous_19
FNDA:1,anonymous_20
FNDA:2,anonymous_21
FNDA:0,anonymous_22
FNDA:0,anonymous_23
FNDA:0,anonymous_24
FNDA:0,anonymous_25
FNDA:0,anonymous_26
FNDA:1,anonymous_27
FNDA:1,anonymous_28
FNDA:1,anonymous_29
FNDA:0,anonymous_30
FNDA:0,anonymous_31
FNDA:0,anonymous_32
FNDA:3,lookViews
FNDA:0,boxForTarget
FNDA:0,legendFor
FNDA:0,legendForBox
FNDA:0,anonymous_37
FNDA:0,anonymous_38
FNDA:1,anonymous_39
FNDA:0,captureVerify
FNDA:0,captureVerifyElement
FNDA:4,anonymous_42
FNDA:4,anonymous_43
FNDA:4,anonymous_44
FNDA:0,anonymous_45
FNDA:4,anonymous_46
FNDA:9,anonymous_47
FNDA:9,anonymous_48
FNDA:0,anonymous_49
FNDA:9,anonymous_50
FNDA:0,anonymous_51
FNDA:0,anonymous_52
FNDA:0,anonymous_53
FNDA:0,anonymous_54
FNDA:0,anonymous_55
FNF:56
FNH:33
BRDA:1,0,0,3
BRDA:1398,1,0,0
BRDA:1,2,0,2
BRDA:1,3,0,2
BRDA:1,4,0,2
BRDA:1,5,0,2
BRDA:1,6,0,2
BRDA:1,7,0,2
BRDA:1,8,0,2
BRDA:1,9,0,2
BRDA:1,10,0,2
BRDA:1,11,0,2
BRDA:1,12,0,2
BRDA:1,13,0,2
BRDA:1,14,0,2
BRDA:1,15,0,2
BRDA:1,16,0,2
BRDA:1,17,0,2
BRDA:1,18,0,2
BRDA:24,19,0,4
BRDA:31,20,0,3
BRDA:32,21,0,0
BRDA:34,22,0,1
BRDA:34,23,0,2
BRDA:35,24,0,1
BRDA:35,25,0,0
BRDA:36,26,0,1
BRDA:44,27,0,1
BRDA:47,28,0,0
BRDA:57,29,0,2
BRDA:60,30,0,0
BRDA:75,31,0,0
BRDA:118,32,0,1
BRDA:122,33,0,0
BRDA:120,34,0,1
BRDA:120,35,0,1
BRDA:219,36,0,3
BRDA:220,37,0,0
BRDA:222,38,0,2
BRDA:223,39,0,2
BRDA:225,40,0,2
BRDA:225,41,0,1
BRDA:225,42,0,2
BRDA:227,43,0,2
BRDA:227,44,0,0
BRDA:228,45,0,2
BRDA:231,46,0,0
BRDA:1070,47,0,1
BRDA:1073,48,0,0
BRDA:1075,49,0,0
BRDA:1076,50,0,0
BRDA:1147,51,0,4
BRDA:1149,52,0,1
BRDA:1149,53,0,3
BRDA:1149,54,0,1
BRDA:1152,55,0,4
BRDA:1156,56,0,4
BRDA:1157,57,0,0
BRDA:1158,58,0,0
BRDA:1159,59,0,2
BRDA:1159,60,0,0
BRDA:1160,61,0,2
BRDA:1161,62,0,0
BRDA:1164,63,0,2
BRDA:1164,64,0,0
BRDA:1164,65,0,0
BRDA:1165,66,0,2
BRDA:1165,67,0,0
BRDA:1190,68,0,4
BRDA:1192,69,0,0
BRDA:1194,70,0,0
BRDA:1194,71,0,2
BRDA:1195,72,0,0
BRDA:1205,73,0,1
BRDA:1206,74,0,0
BRDA:1215,75,0,1
BRDA:1215,76,0,0
BRDA:1215,77,0,1
BRDA:1217,78,0,1
BRDA:1218,79,0,0
BRDA:1220,80,0,0
BRDA:1221,81,0,0
BRDA:1222,82,0,0
BRDA:1225,83,0,2
BRDA:1226,84,0,0
BRDA:1234,85,0,2
BRDA:1240,86,0,1
BRDA:1245,87,0,0
BRDA:1245,88,0,1
BRDA:1246,89,0,1
BRDA:1249,90,0,0
BRDA:1249,91,0,1
BRDA:1250,92,0,0
BRDA:1250,93,0,1
BRDA:1251,94,0,1
BRDA:1252,95,0,0
BRDA:1258,96,0,1
BRDA:1263,97,0,9
BRDA:1266,98,0,9
BRDA:1267,99,0,1
BRDA:1271,100,0,6
BRDA:1271,101,0,4
BRDA:1272,102,0,0
BRDA:1273,103,0,3
BRDA:1274,104,0,1
BRDA:1275,105,0,3
BRDA:1276,106,0,1
BRDA:1277,107,0,2
BRDA:1279,108,0,5
BRDA:1279,109,0,1
BRDA:1280,110,0,4
BRDA:1280,111,0,1
BRDA:1280,112,0,0
BRDA:1281,113,0,3
BRDA:1282,114,0,0
BRDA:1283,115,0,3
BRDA:1283,116,0,1
BRDA:1283,117,0,1
BRDA:1284,118,0,2
BRDA:1284,119,0,0
BRDA:1314,120,0,9
BRDA:1316,121,0,3
BRDA:1317,122,0,6
BRDA:1317,123,0,1
BRDA:1325,124,0,5
BRDA:1325,125,0,2
BRDA:1325,126,0,1
BRDA:1325,127,0,1
BRDA:1325,128,0,1
BRDA:1326,129,0,4
BRDA:1326,130,0,1
BRDA:1327,131,0,3
BRDA:1328,132,0,1
BRDA:1328,133,0,1
BRDA:1329,134,0,2
BRDA:1334,135,0,1
BRDA:1336,136,0,0
BRDA:1336,137,0,0
BRDA:1336,138,0,0
BRDA:1338,139,0,1
BRDA:1341,140,0,0
BRDA:1342,141,0,0
BRDA:1342,142,0,1
BRDA:1343,143,0,1
BRDA:1343,144,0,0
BRDA:1345,145,0,1
BRDA:1345,146,0,0
BRDA:1346,147,0,1
BRDA:1346,148,0,2
BRDA:1349,149,0,1
BRDA:1350,150,0,0
BRDA:1358,151,0,1
BRDA:1358,152,0,0
BRDA:1360,153,0,0
BRDA:1371,154,0,1
BRF:155
BRH:107
DA:1,3
DA:2,3
DA:3,3
DA:4,3
DA:5,3
DA:6,3
DA:8,3
DA:9,3
DA:10,3
DA:11,3
DA:12,3
DA:13,3
DA:14,3
DA:15,3
DA:16,3
DA:17,3
DA:18,3
DA:19,3
DA:20,3
DA:21,3
DA:22,3
DA:23,3
DA:24,3
DA:25,3
DA:26,3
DA:27,3
DA:28,3
DA:29,3
DA:30,3
DA:31,3
DA:32,3
DA:33,3
DA:34,3
DA:35,3
DA:36,3
DA:37,3
DA:38,3
DA:39,3
DA:40,3
DA:41,3
DA:42,3
DA:43,3
DA:44,3
DA:45,1
DA:46,1
DA:47,1
DA:48,3
DA:49,3
DA:50,3
DA:51,3
DA:52,3
DA:53,3
DA:54,3
DA:55,3
DA:56,3
DA:57,3
DA:58,2
DA:59,2
DA:60,2
DA:61,0
DA:62,0
DA:63,0
DA:64,0
DA:65,0
DA:66,0
DA:67,0
DA:68,0
DA:69,0
DA:70,0
DA:71,0
DA:72,0
DA:73,0
DA:74,0
DA:75,2
DA:76,2
DA:77,3
DA:79,3
DA:80,3
DA:81,3
DA:82,3
DA:83,3
DA:84,3
DA:85,0
DA:86,0
DA:87,0
DA:88,3
DA:89,3
DA:90,3
DA:91,3
DA:92,3
DA:93,0
DA:94,3
DA:95,3
DA:96,3
DA:97,3
DA:98,3
DA:99,0
DA:100,0
DA:101,0
DA:102,0
DA:103,0
DA:104,0
DA:105,0
DA:106,0
DA:107,0
DA:108,0
DA:109,3
DA:110,3
DA:111,3
DA:112,3
DA:113,3
DA:114,3
DA:115,3
DA:116,3
DA:117,3
DA:118,3
DA:119,1
DA:120,1
DA:121,1
DA:122,1
DA:123,0
DA:124,0
DA:125,0
DA:126,0
DA:127,0
DA:128,0
DA:129,1
DA:130,3
DA:131,3
DA:132,3
DA:133,3
DA:134,3
DA:135,3
DA:136,3
DA:137,3
DA:138,0
DA:139,0
DA:140,0
DA:141,0
DA:142,0
DA:143,3
DA:144,3
DA:145,3
DA:146,3
DA:147,3
DA:148,3
DA:149,0
DA:150,0
DA:151,0
DA:152,0
DA:153,0
DA:154,0
DA:155,0
DA:156,0
DA:157,0
DA:158,0
DA:159,0
DA:160,0
DA:161,0
DA:162,0
DA:163,0
DA:164,0
DA:165,0
DA:166,0
DA:167,0
DA:168,0
DA:169,0
DA:170,0
DA:171,0
DA:172,0
DA:173,0
DA:174,0
DA:175,0
DA:176,0
DA:177,0
DA:178,0
DA:179,0
DA:180,0
DA:181,0
DA:182,0
DA:183,0
DA:184,0
DA:185,3
DA:186,3
DA:187,3
DA:188,0
DA:189,0
DA:190,0
DA:191,0
DA:192,0
DA:193,0
DA:194,0
DA:195,0
DA:196,0
DA:197,0
DA:198,0
DA:199,0
DA:200,3
DA:201,3
DA:202,3
DA:203,3
DA:204,3
DA:205,3
DA:206,3
DA:207,3
DA:208,3
DA:209,3
DA:210,3
DA:211,3
DA:212,3
DA:213,3
DA:214,3
DA:215,3
DA:216,3
DA:217,3
DA:218,3
DA:219,3
DA:220,3
DA:221,3
DA:222,3
DA:223,3
DA:224,3
DA:225,3
DA:226,3
DA:227,3
DA:228,3
DA:229,3
DA:230,3
DA:231,3
DA:232,3
DA:233,3
DA:234,3
DA:235,3
DA:236,3
DA:237,0
DA:238,0
DA:239,0
DA:240,0
DA:241,0
DA:242,0
DA:243,0
DA:244,3
DA:245,3
DA:246,3
DA:247,3
DA:248,0
DA:249,0
DA:250,3
DA:251,3
DA:252,0
DA:253,0
DA:254,3
DA:255,3
DA:256,0
DA:257,0
DA:258,0
DA:259,0
DA:260,0
DA:261,0
DA:262,0
DA:263,0
DA:264,0
DA:265,0
DA:266,0
DA:267,0
DA:268,0
DA:269,0
DA:270,0
DA:271,0
DA:272,0
DA:273,0
DA:274,0
DA:275,0
DA:276,0
DA:277,0
DA:278,0
DA:279,0
DA:280,0
DA:281,0
DA:282,0
DA:283,0
DA:284,0
DA:285,0
DA:286,0
DA:287,0
DA:288,0
DA:289,0
DA:290,0
DA:291,0
DA:292,0
DA:293,0
DA:294,0
DA:295,0
DA:296,0
DA:297,0
DA:298,0
DA:299,0
DA:300,0
DA:301,0
DA:302,0
DA:303,0
DA:304,0
DA:305,0
DA:306,0
DA:307,0
DA:308,0
DA:309,0
DA:310,0
DA:311,0
DA:312,0
DA:313,0
DA:314,0
DA:315,0
DA:316,0
DA:317,0
DA:318,0
DA:319,0
DA:320,0
DA:321,0
DA:322,0
DA:323,0
DA:324,0
DA:325,0
DA:326,0
DA:327,0
DA:328,0
DA:329,0
DA:330,0
DA:331,0
DA:332,0
DA:333,0
DA:334,0
DA:335,0
DA:336,0
DA:337,0
DA:338,0
DA:339,0
DA:340,0
DA:341,0
DA:342,0
DA:343,0
DA:344,0
DA:345,0
DA:346,0
DA:347,0
DA:348,0
DA:349,0
DA:350,0
DA:351,0
DA:352,3
DA:353,3
DA:354,3
DA:355,3
DA:356,3
DA:357,3
DA:358,3
DA:359,3
DA:360,3
DA:361,3
DA:362,3
DA:363,3
DA:364,3
DA:365,3
DA:366,3
DA:367,3
DA:368,3
DA:369,3
DA:370,0
DA:371,0
DA:372,0
DA:373,0
DA:374,0
DA:376,0
DA:377,0
DA:378,0
DA:379,0
DA:380,0
DA:381,0
DA:382,0
DA:383,0
DA:384,0
DA:385,0
DA:386,0
DA:387,0
DA:388,0
DA:389,0
DA:390,0
DA:391,0
DA:392,0
DA:393,0
DA:394,0
DA:395,0
DA:396,0
DA:397,0
DA:398,0
DA:399,0
DA:400,0
DA:401,0
DA:402,0
DA:403,0
DA:404,0
DA:405,0
DA:406,0
DA:407,0
DA:408,0
DA:409,0
DA:410,0
DA:411,0
DA:412,0
DA:413,0
DA:414,0
DA:415,0
DA:416,0
DA:417,0
DA:418,0
DA:419,0
DA:420,0
DA:421,0
DA:422,0
DA:423,0
DA:424,0
DA:425,0
DA:426,0
DA:427,0
DA:428,0
DA:429,0
DA:430,0
DA:431,0
DA:432,0
DA:433,0
DA:434,0
DA:435,0
DA:436,0
DA:437,0
DA:438,0
DA:439,0
DA:440,0
DA:441,0
DA:442,0
DA:443,0
DA:444,0
DA:445,0
DA:446,0
DA:447,0
DA:448,0
DA:449,0
DA:450,0
DA:451,0
DA:452,0
DA:453,0
DA:454,0
DA:455,0
DA:456,0
DA:457,0
DA:458,0
DA:459,0
DA:460,0
DA:461,0
DA:462,0
DA:463,0
DA:464,0
DA:465,0
DA:466,0
DA:467,0
DA:468,0
DA:469,0
DA:470,0
DA:471,0
DA:472,0
DA:473,0
DA:474,0
DA:475,0
DA:476,0
DA:477,0
DA:478,0
DA:479,0
DA:480,0
DA:481,0
DA:482,0
DA:483,0
DA:484,0
DA:485,0
DA:486,0
DA:487,0
DA:488,0
DA:489,0
DA:490,0
DA:491,0
DA:492,0
DA:493,0
DA:494,0
DA:495,0
DA:496,0
DA:497,0
DA:498,0
DA:499,0
DA:500,0
DA:501,0
DA:502,0
DA:503,0
DA:504,0
DA:505,0
DA:506,0
DA:507,0
DA:508,0
DA:509,0
DA:510,0
DA:511,0
DA:512,0
DA:513,0
DA:514,0
DA:515,0
DA:516,0
DA:517,0
DA:518,0
DA:519,0
DA:520,0
DA:521,0
DA:522,0
DA:523,0
DA:524,0
DA:525,0
DA:526,0
DA:527,0
DA:528,0
DA:529,0
DA:530,0
DA:531,0
DA:532,0
DA:533,0
DA:534,0
DA:535,0
DA:536,0
DA:537,0
DA:538,0
DA:539,0
DA:540,0
DA:541,0
DA:542,0
DA:543,0
DA:544,0
DA:545,0
DA:546,0
DA:547,0
DA:548,0
DA:549,0
DA:550,0
DA:551,0
DA:552,0
DA:553,0
DA:554,0
DA:555,0
DA:556,0
DA:557,0
DA:558,0
DA:559,0
DA:560,0
DA:561,0
DA:562,0
DA:563,0
DA:564,0
DA:565,0
DA:566,0
DA:567,0
DA:568,0
DA:569,0
DA:570,0
DA:571,0
DA:572,0
DA:573,0
DA:574,0
DA:575,0
DA:576,0
DA:577,0
DA:578,0
DA:579,0
DA:580,0
DA:581,0
DA:582,0
DA:583,0
DA:584,0
DA:585,0
DA:586,0
DA:587,0
DA:588,0
DA:589,0
DA:590,0
DA:591,0
DA:592,0
DA:593,0
DA:594,0
DA:595,0
DA:596,0
DA:597,0
DA:598,0
DA:599,0
DA:600,0
DA:601,0
DA:602,0
DA:603,0
DA:604,0
DA:605,0
DA:606,0
DA:607,0
DA:608,0
DA:609,0
DA:610,0
DA:611,0
DA:612,0
DA:613,0
DA:614,0
DA:615,0
DA:616,0
DA:617,0
DA:618,0
DA:619,0
DA:620,0
DA:621,0
DA:622,0
DA:623,0
DA:624,0
DA:625,0
DA:626,0
DA:627,0
DA:628,0
DA:629,0
DA:630,0
DA:631,0
DA:632,0
DA:633,0
DA:634,0
DA:635,0
DA:636,0
DA:637,0
DA:638,0
DA:639,0
DA:640,0
DA:641,0
DA:642,0
DA:643,0
DA:644,0
DA:645,0
DA:646,0
DA:647,0
DA:648,0
DA:649,0
DA:650,0
DA:651,0
DA:652,0
DA:653,0
DA:654,0
DA:655,0
DA:656,0
DA:657,0
DA:658,0
DA:659,0
DA:660,0
DA:661,0
DA:662,0
DA:663,0
DA:664,0
DA:665,0
DA:666,0
DA:667,0
DA:668,0
DA:669,0
DA:670,0
DA:671,0
DA:672,0
DA:673,0
DA:674,0
DA:675,0
DA:676,0
DA:677,0
DA:678,0
DA:679,0
DA:680,0
DA:681,0
DA:682,0
DA:683,0
DA:684,0
DA:685,0
DA:686,0
DA:687,0
DA:688,0
DA:689,0
DA:690,0
DA:691,0
DA:692,0
DA:693,0
DA:694,0
DA:695,0
DA:696,0
DA:697,0
DA:698,0
DA:699,0
DA:700,0
DA:701,0
DA:702,0
DA:703,0
DA:704,0
DA:705,0
DA:706,0
DA:707,0
DA:708,0
DA:709,0
DA:710,0
DA:711,0
DA:712,0
DA:713,0
DA:714,0
DA:715,0
DA:716,0
DA:717,0
DA:718,0
DA:719,0
DA:720,0
DA:721,0
DA:722,0
DA:723,0
DA:724,0
DA:725,0
DA:726,0
DA:727,0
DA:728,0
DA:729,0
DA:730,0
DA:731,0
DA:732,0
DA:733,0
DA:734,0
DA:735,0
DA:736,0
DA:737,0
DA:738,0
DA:739,0
DA:740,0
DA:741,0
DA:742,0
DA:743,0
DA:744,0
DA:745,0
DA:746,0
DA:747,0
DA:748,0
DA:749,0
DA:750,0
DA:751,0
DA:752,0
DA:753,0
DA:754,0
DA:755,0
DA:756,0
DA:757,0
DA:758,0
DA:759,0
DA:760,0
DA:761,0
DA:762,0
DA:763,0
DA:764,0
DA:765,0
DA:766,0
DA:767,0
DA:768,0
DA:769,0
DA:770,0
DA:771,0
DA:772,0
DA:773,0
DA:774,0
DA:775,0
DA:776,0
DA:777,0
DA:778,0
DA:779,0
DA:780,0
DA:781,0
DA:782,0
DA:783,0
DA:784,0
DA:785,0
DA:786,0
DA:787,0
DA:788,0
DA:789,0
DA:790,0
DA:791,0
DA:792,0
DA:793,0
DA:794,0
DA:795,0
DA:796,0
DA:797,0
DA:798,0
DA:799,0
DA:800,0
DA:801,0
DA:802,0
DA:803,0
DA:804,0
DA:805,0
DA:806,0
DA:807,0
DA:808,0
DA:809,0
DA:810,0
DA:811,0
DA:812,0
DA:813,0
DA:814,0
DA:815,0
DA:816,0
DA:817,0
DA:818,0
DA:819,0
DA:820,0
DA:821,0
DA:822,0
DA:823,0
DA:824,0
DA:825,0
DA:826,0
DA:827,0
DA:828,0
DA:829,0
DA:830,0
DA:831,0
DA:832,0
DA:833,0
DA:834,0
DA:835,0
DA:836,0
DA:837,0
DA:838,0
DA:839,0
DA:840,0
DA:841,0
DA:842,0
DA:843,0
DA:844,0
DA:845,0
DA:846,0
DA:847,0
DA:848,0
DA:849,0
DA:850,0
DA:851,0
DA:852,0
DA:853,0
DA:854,0
DA:855,0
DA:856,0
DA:857,0
DA:858,0
DA:859,0
DA:860,0
DA:861,0
DA:862,0
DA:863,0
DA:864,0
DA:865,0
DA:866,0
DA:867,0
DA:868,0
DA:869,0
DA:870,0
DA:871,0
DA:872,0
DA:873,0
DA:874,0
DA:875,0
DA:876,0
DA:877,0
DA:878,0
DA:879,0
DA:880,0
DA:881,0
DA:882,0
DA:883,0
DA:884,0
DA:885,0
DA:886,0
DA:887,0
DA:888,0
DA:889,0
DA:890,0
DA:891,0
DA:892,0
DA:893,0
DA:894,0
DA:895,0
DA:896,0
DA:897,0
DA:898,0
DA:899,0
DA:900,0
DA:901,0
DA:902,0
DA:903,0
DA:904,0
DA:905,0
DA:906,0
DA:907,0
DA:908,0
DA:909,0
DA:910,0
DA:911,0
DA:912,0
DA:913,0
DA:914,0
DA:915,0
DA:916,0
DA:917,0
DA:918,0
DA:919,0
DA:920,0
DA:921,0
DA:922,0
DA:923,0
DA:924,0
DA:925,0
DA:926,0
DA:927,0
DA:928,0
DA:929,0
DA:930,0
DA:931,0
DA:932,0
DA:933,0
DA:934,0
DA:935,0
DA:936,0
DA:937,0
DA:938,0
DA:939,0
DA:940,0
DA:941,0
DA:942,0
DA:943,0
DA:944,0
DA:945,0
DA:946,0
DA:947,0
DA:948,0
DA:949,0
DA:950,0
DA:951,0
DA:952,0
DA:953,0
DA:954,0
DA:955,0
DA:956,0
DA:957,0
DA:958,0
DA:959,0
DA:960,0
DA:961,0
DA:962,0
DA:963,0
DA:964,0
DA:965,0
DA:966,0
DA:967,0
DA:968,0
DA:969,0
DA:970,0
DA:971,0
DA:972,0
DA:973,0
DA:974,0
DA:975,0
DA:976,0
DA:977,0
DA:978,0
DA:979,0
DA:980,0
DA:981,0
DA:982,0
DA:983,0
DA:984,0
DA:985,0
DA:986,0
DA:987,0
DA:988,0
DA:989,0
DA:990,0
DA:991,0
DA:992,0
DA:993,0
DA:994,0
DA:995,0
DA:996,0
DA:997,0
DA:998,0
DA:999,0
DA:1000,0
DA:1001,0
DA:1002,0
DA:1003,0
DA:1004,0
DA:1005,0
DA:1006,0
DA:1007,0
DA:1008,0
DA:1009,0
DA:1010,0
DA:1011,0
DA:1012,0
DA:1013,0
DA:1014,0
DA:1015,0
DA:1016,0
DA:1017,0
DA:1018,0
DA:1019,0
DA:1020,0
DA:1021,0
DA:1022,0
DA:1023,0
DA:1024,0
DA:1025,0
DA:1026,0
DA:1027,0
DA:1028,0
DA:1029,0
DA:1030,0
DA:1031,0
DA:1032,0
DA:1033,0
DA:1034,0
DA:1035,0
DA:1036,0
DA:1037,0
DA:1038,0
DA:1039,0
DA:1040,0
DA:1041,0
DA:1042,0
DA:1043,0
DA:1044,0
DA:1045,0
DA:1046,0
DA:1047,0
DA:1048,0
DA:1049,0
DA:1050,0
DA:1051,0
DA:1052,0
DA:1053,0
DA:1054,0
DA:1055,0
DA:1056,0
DA:1057,0
DA:1058,0
DA:1059,0
DA:1060,0
DA:1061,3
DA:1062,3
DA:1063,3
DA:1064,3
DA:1065,3
DA:1066,3
DA:1067,3
DA:1068,3
DA:1069,3
DA:1070,3
DA:1071,1
DA:1072,1
DA:1073,1
DA:1074,1
DA:1075,1
DA:1076,1
DA:1077,0
DA:1078,1
DA:1079,3
DA:1080,3
DA:1081,3
DA:1082,3
DA:1083,3
DA:1084,3
DA:1085,3
DA:1086,3
DA:1087,3
DA:1088,3
DA:1089,3
DA:1090,3
DA:1092,0
DA:1093,0
DA:1094,0
DA:1095,0
DA:1096,0
DA:1097,0
DA:1098,0
DA:1099,0
DA:1100,0
DA:1101,0
DA:1102,0
DA:1103,0
DA:1104,0
DA:1105,0
DA:1106,0
DA:1107,0
DA:1108,0
DA:1109,0
DA:1110,0
DA:1111,0
DA:1112,0
DA:1113,0
DA:1114,0
DA:1115,0
DA:1116,0
DA:1117,0
DA:1118,0
DA:1119,0
DA:1120,0
DA:1121,0
DA:1122,0
DA:1123,0
DA:1124,0
DA:1125,0
DA:1126,3
DA:1127,3
DA:1128,3
DA:1129,3
DA:1130,0
DA:1131,0
DA:1132,0
DA:1133,0
DA:1134,0
DA:1135,0
DA:1136,0
DA:1137,0
DA:1138,0
DA:1139,0
DA:1140,0
DA:1141,0
DA:1142,0
DA:1143,0
DA:1144,0
DA:1145,0
DA:1146,3
DA:1147,3
DA:1148,4
DA:1149,4
DA:1150,3
DA:1151,3
DA:1152,3
DA:1153,4
DA:1154,4
DA:1155,4
DA:1156,4
DA:1157,4
DA:1158,4
DA:1159,4
DA:1160,4
DA:1161,4
DA:1162,4
DA:1163,4
DA:1164,4
DA:1165,4
DA:1166,4
DA:1167,4
DA:1168,4
DA:1169,4
DA:1170,4
DA:1171,4
DA:1172,4
DA:1173,4
DA:1174,4
DA:1175,4
DA:1176,4
DA:1177,4
DA:1178,4
DA:1179,4
DA:1180,4
DA:1181,4
DA:1182,4
DA:1183,4
DA:1184,4
DA:1185,4
DA:1186,4
DA:1187,4
DA:1188,4
DA:1189,4
DA:1190,4
DA:1191,4
DA:1192,4
DA:1193,4
DA:1194,4
DA:1195,2
DA:1196,2
DA:1197,2
DA:1198,2
DA:1199,2
DA:1200,2
DA:1201,2
DA:1202,2
DA:1203,2
DA:1204,2
DA:1205,2
DA:1206,1
DA:1207,1
DA:1208,1
DA:1209,1
DA:1210,1
DA:1211,1
DA:1212,1
DA:1213,1
DA:1214,2
DA:1215,2
DA:1216,2
DA:1217,2
DA:1218,2
DA:1219,2
DA:1220,2
DA:1221,2
DA:1222,2
DA:1223,0
DA:1224,0
DA:1225,4
DA:1226,4
DA:1227,0
DA:1228,0
DA:1229,0
DA:1230,0
DA:1231,0
DA:1232,0
DA:1233,0
DA:1234,4
DA:1235,2
DA:1236,2
DA:1237,2
DA:1238,2
DA:1239,2
DA:1240,4
DA:1241,1
DA:1242,1
DA:1243,1
DA:1244,1
DA:1245,4
DA:1246,4
DA:1247,1
DA:1248,1
DA:1249,4
DA:1250,4
DA:1251,4
DA:1252,4
DA:1253,0
DA:1254,0
DA:1255,0
DA:1256,0
DA:1257,0
DA:1258,4
DA:1259,4
DA:1260,4
DA:1261,3
DA:1262,3
DA:1263,3
DA:1264,9
DA:1265,9
DA:1266,9
DA:1267,9
DA:1268,9
DA:1269,9
DA:1270,9
DA:1271,9
DA:1272,4
DA:1273,4
DA:1274,4
DA:1275,4
DA:1276,4
DA:1277,4
DA:1278,2
DA:1279,9
DA:1280,9
DA:1281,9
DA:1282,9
DA:1283,9
DA:1284,9
DA:1285,9
DA:1286,9
DA:1287,9
DA:1288,9
DA:1289,9
DA:1290,9
DA:1291,9
DA:1292,9
DA:1293,9
DA:1294,9
DA:1295,9
DA:1296,9
DA:1297,9
DA:1298,9
DA:1299,9
DA:1300,9
DA:1301,9
DA:1302,9
DA:1303,9
DA:1304,9
DA:1305,9
DA:1306,9
DA:1307,9
DA:1308,9
DA:1309,9
DA:1310,9
DA:1311,9
DA:1312,0
DA:1313,9
DA:1314,9
DA:1315,9
DA:1316,9
DA:1317,9
DA:1318,9
DA:1319,9
DA:1320,9
DA:1321,9
DA:1322,9
DA:1323,9
DA:1324,9
DA:1325,9
DA:1326,9
DA:1327,9
DA:1328,9
DA:1329,9
DA:1330,2
DA:1331,2
DA:1332,2
DA:1333,2
DA:1334,9
DA:1335,1
DA:1336,1
DA:1337,1
DA:1338,9
DA:1339,1
DA:1340,1
DA:1341,9
DA:1342,9
DA:1343,9
DA:1344,9
DA:1345,9
DA:1346,9
DA:1347,2
DA:1348,2
DA:1349,9
DA:1350,9
DA:1351,0
DA:1352,0
DA:1353,0
DA:1354,0
DA:1355,0
DA:1356,0
DA:1357,0
DA:1358,9
DA:1359,9
DA:1360,9
DA:1361,0
DA:1362,0
DA:1363,0
DA:1364,0
DA:1365,0
DA:1366,0
DA:1367,0
DA:1368,0
DA:1369,0
DA:1370,0
DA:1371,9
DA:1372,9
DA:1373,9
DA:1374,3
DA:1375,3
DA:1376,3
DA:1377,3
DA:1378,3
DA:1379,3
DA:1380,3
DA:1381,0
DA:1382,0
DA:1383,0
DA:1384,3
DA:1385,3
DA:1386,0
DA:1387,0
DA:1388,0
DA:1389,3
DA:1390,3
DA:1391,3
DA:1392,3
DA:1393,3
DA:1394,3
DA:1395,3
DA:1396,3
DA:1397,3
DA:1398,0
DA:1399,0
DA:1400,0
DA:1401,0
DA:1402,0
DA:1403,0
DA:1404,0
DA:1405,0
DA:1406,0
DA:1407,0
DA:1408,0
DA:1409,0
DA:1410,0
DA:1411,0
DA:1412,0
DA:1413,0
DA:1414,0
DA:1415,0
DA:1416,0
DA:1417,0
DA:1418,0
DA:1419,0
DA:1420,0
DA:1421,0
DA:1422,0
DA:1423,0
DA:1424,0
DA:1425,0
DA:1426,0
DA:1427,0
DA:1428,0
DA:1429,0
DA:1430,0
DA:1431,0
DA:1432,0
DA:1433,0
DA:1434,0
DA:1435,0
DA:1436,0
DA:1437,0
DA:1438,0
DA:1439,0
DA:1440,0
DA:1441,0
DA:1442,0
DA:1443,0
DA:1444,0
DA:1445,0
DA:1446,0
DA:1447,0
DA:1448,0
DA:1449,0
DA:1450,0
DA:1451,0
DA:1452,0
DA:1453,0
DA:1454,0
DA:1455,0
DA:1456,0
DA:1457,0
DA:1458,0
DA:1459,0
DA:1460,0
DA:1461,0
DA:1462,0
DA:1463,0
DA:1464,0
DA:1465,0
DA:1466,0
DA:1467,0
DA:1468,0
DA:1469,0
DA:1470,0
DA:1471,0
DA:1472,0
DA:1473,0
DA:1474,0
DA:1475,0
DA:1476,0
DA:1477,0
DA:1478,0
DA:1479,0
DA:1480,0
DA:1481,0
DA:1482,0
DA:1483,0
DA:1484,0
DA:1485,0
DA:1486,0
DA:1487,0
DA:1488,0
DA:1489,0
DA:1490,0
DA:1491,0
DA:1492,0
DA:1493,0
DA:1494,0
DA:1495,0
DA:1496,0
DA:1497,0
DA:1498,0
DA:1499,0
DA:1500,0
DA:1501,0
DA:1502,0
DA:1503,0
DA:1504,0
DA:1505,0
DA:1506,0
DA:1507,0
DA:1508,0
DA:1509,0
DA:1510,0
DA:1511,0
DA:1512,0
DA:1513,0
DA:1514,0
DA:1515,0
DA:1516,0
DA:1517,0
DA:1518,0
DA:1519,0
DA:1520,0
DA:1521,0
DA:1522,0
DA:1523,0
DA:1524,0
DA:1525,0
DA:1526,0
DA:1527,0
DA:1528,0
DA:1529,0
DA:1530,0
DA:1531,0
DA:1532,0
DA:1533,0
DA:1534,0
DA:1535,0
DA:1536,0
DA:1537,0
DA:1538,0
DA:1539,0
DA:1540,0
DA:1541,0
DA:1542,0
DA:1543,0
DA:1544,0
DA:1545,0
DA:1546,0
DA:1547,0
DA:1548,0
DA:1549,0
DA:1550,0
DA:1551,0
DA:1552,0
DA:1553,0
DA:1554,0
DA:1555,0
DA:1556,0
DA:1557,0
DA:1558,0
DA:1559,0
DA:1560,0
DA:1561,0
DA:1562,0
DA:1563,0
DA:1564,0
DA:1565,0
DA:1566,0
DA:1567,0
DA:1568,0
DA:1569,0
DA:1570,0
DA:1571,0
DA:1572,0
DA:1573,0
DA:1574,0
DA:1575,0
DA:1576,0
DA:1577,0
DA:1578,0
DA:1579,0
DA:1580,0
DA:1581,0
DA:1582,0
DA:1583,0
DA:1584,0
DA:1585,0
DA:1586,0
DA:1587,0
DA:1588,0
DA:1589,0
DA:1590,0
DA:1591,0
DA:1592,0
DA:1593,0
DA:1594,0
DA:1595,0
DA:1596,0
DA:1597,0
DA:1598,0
DA:1599,0
DA:1600,0
LH:424
LF:1600
end_of_record
SF:bus.ts
FN:50,anonymous_0
FN:1,agentRegistry
FN:1,debugId
FN:1,emitDebug
FN:1,enterAgentRun
FN:1,exitAgentRun
FN:1,handleRegistry
FN:1,resetSubcallUsage
FN:1,sessionRegistry
FN:1,shortHash
FN:1,subcallUsage
FN:24,anonymous_11
FN:56,anonymous_12
FN:57,anonymous_13
FN:68,anonymous_14
FN:69,anonymous_15
FN:71,anonymous_16
FN:76,anonymous_17
FN:99,anonymous_18
FN:103,anonymous_19
FN:24,anonymous_20
FNDA:0,anonymous_0
FNDA:1,agentRegistry
FNDA:1,debugId
FNDA:2,emitDebug
FNDA:2,enterAgentRun
FNDA:2,exitAgentRun
FNDA:1,handleRegistry
FNDA:2,resetSubcallUsage
FNDA:1,sessionRegistry
FNDA:1,shortHash
FNDA:20,subcallUsage
FNDA:0,anonymous_11
FNDA:5,anonymous_12
FNDA:5,anonymous_13
FNDA:6,anonymous_14
FNDA:23,anonymous_15
FNDA:3,anonymous_16
FNDA:7,anonymous_17
FNDA:0,anonymous_18
FNDA:0,anonymous_19
FNDA:0,anonymous_20
FNF:21
FNH:16
BRDA:1,0,0,3
BRDA:50,1,0,0
BRDA:130,2,0,0
BRDA:1,3,0,1
BRDA:1,4,0,1
BRDA:1,5,0,2
BRDA:1,6,0,2
BRDA:1,7,0,2
BRDA:1,8,0,1
BRDA:1,9,0,2
BRDA:1,10,0,1
BRDA:1,11,0,1
BRDA:1,12,0,20
BRDA:56,13,0,5
BRDA:57,14,0,5
BRDA:68,15,0,6
BRDA:69,16,0,23
BRDA:71,17,0,3
BRDA:71,18,0,2
BRDA:71,19,0,3
BRDA:76,20,0,7
BRDA:77,21,0,6
BRDA:77,22,0,6
BRDA:82,23,0,5
BRDA:83,24,0,0
BRDA:83,25,0,0
BRDA:85,26,0,0
BRDA:86,27,0,4
BRDA:91,28,0,1
BRDA:92,29,0,0
BRDA:24,30,0,0
BRDA:130,31,0,0
BRF:32
BRH:24
DA:1,3
DA:2,3
DA:3,3
DA:4,3
DA:5,3
DA:7,3
DA:8,3
DA:9,3
DA:10,3
DA:11,3
DA:12,3
DA:13,3
DA:14,3
DA:15,3
DA:16,3
DA:17,3
DA:18,3
DA:19,3
DA:20,3
DA:21,3
DA:22,3
DA:23,3
DA:24,3
DA:25,0
DA:26,0
DA:27,0
DA:28,0
DA:29,0
DA:30,0
DA:31,0
DA:32,0
DA:33,0
DA:34,0
DA:35,0
DA:36,0
DA:37,0
DA:38,0
DA:39,0
DA:40,0
DA:41,0
DA:42,3
DA:43,3
DA:44,3
DA:45,3
DA:46,3
DA:47,3
DA:48,3
DA:49,3
DA:50,3
DA:51,3
DA:52,3
DA:53,3
DA:54,3
DA:55,3
DA:56,3
DA:57,3
DA:58,3
DA:59,3
DA:60,3
DA:61,3
DA:62,3
DA:63,3
DA:64,3
DA:65,3
DA:66,3
DA:67,3
DA:68,3
DA:69,3
DA:70,23
DA:71,23
DA:72,3
DA:73,3
DA:74,3
DA:75,3
DA:76,3
DA:77,7
DA:78,6
DA:79,6
DA:80,6
DA:81,6
DA:82,6
DA:83,5
DA:84,5
DA:85,5
DA:86,5
DA:87,5
DA:88,5
DA:89,6
DA:90,6
DA:91,7
DA:92,7
DA:93,0
DA:94,0
DA:95,0
DA:96,3
DA:97,3
DA:98,3
DA:99,3
DA:100,3
DA:101,3
DA:102,3
DA:103,3
DA:104,0
DA:105,0
DA:106,0
DA:107,0
DA:108,3
DA:109,3
DA:110,3
DA:111,3
DA:112,3
DA:113,3
DA:114,3
DA:115,3
DA:116,3
DA:117,3
DA:118,3
DA:119,3
DA:124,3
DA:125,3
DA:126,3
DA:127,3
DA:128,3
DA:129,3
DA:130,0
LH:105
LF:130
end_of_record
SF:contract.ts
FN:569,anonymous_0
FN:1,DEFAULT_CONFIG
FN:1,DEFAULT_GROUNDING_RANGE
FN:1,LEXICAL_METRICS
FN:1,OUTPUT_CAP
FN:1,STALE_BGRUN_MS
FN:1,UI_OUT_CAP
FN:1,VISION_NUM_CTX
FN:1,acceptLanguageFrom
FN:1,bgRunResumable
FN:1,cleanImages
FN:1,detectGroundingModel
FN:1,fmtCtx
FN:1,fmtTokPerSec
FN:1,generatesText
FN:1,isBackendUnreachable
FN:1,modelFilterAllows
FN:1,outputCapEscalated
FN:1,outputCapPrecheck
FN:1,producesEmbeddings
FN:1,pushReplay
FN:1,resolveOutputCap
FN:1,runStats
FN:1,runStatsProvenance
FN:182,anonymous_24
FN:188,anonymous_25
FN:202,modelFilterAllows
FN:211,acceptLanguageFrom
FN:223,isBackendUnreachable
FN:243,resolveOutputCap
FN:259,outputCapEscalated
FN:264,outputCapPrecheck
FN:360,pushReplay
FN:378,bgRunResumable
FN:388,cleanImages
FN:456,anonymous_35
FN:462,anonymous_36
FN:541,runStats
FN:562,fmtTokPerSec
FN:569,runStatsProvenance
FN:364,anonymous_40
FN:213,anonymous_41
FN:213,anonymous_42
FN:214,anonymous_43
FNDA:0,anonymous_0
FNDA:13,DEFAULT_CONFIG
FNDA:9,DEFAULT_GROUNDING_RANGE
FNDA:11,LEXICAL_METRICS
FNDA:9,OUTPUT_CAP
FNDA:9,STALE_BGRUN_MS
FNDA:13,UI_OUT_CAP
FNDA:13,VISION_NUM_CTX
FNDA:46,acceptLanguageFrom
FNDA:9,bgRunResumable
FNDA:9,cleanImages
FNDA:9,detectGroundingModel
FNDA:9,fmtCtx
FNDA:14,fmtTokPerSec
FNDA:10,generatesText
FNDA:9,isBackendUnreachable
FNDA:9,modelFilterAllows
FNDA:27,outputCapEscalated
FNDA:9,outputCapPrecheck
FNDA:10,producesEmbeddings
FNDA:9,pushReplay
FNDA:9,resolveOutputCap
FNDA:31,runStats
FNDA:9,runStatsProvenance
FNDA:14,anonymous_24
FNDA:14,anonymous_25
FNDA:0,modelFilterAllows
FNDA:43,acceptLanguageFrom
FNDA:15,isBackendUnreachable
FNDA:37,resolveOutputCap
FNDA:21,outputCapEscalated
FNDA:5,outputCapPrecheck
FNDA:62,pushReplay
FNDA:9,bgRunResumable
FNDA:0,cleanImages
FNDA:0,anonymous_35
FNDA:0,anonymous_36
FNDA:31,runStats
FNDA:9,fmtTokPerSec
FNDA:3,runStatsProvenance
FNDA:79,anonymous_40
FNDA:60,anonymous_41
FNDA:60,anonymous_42
FNDA:58,anonymous_43
FNF:44
FNH:39
BRDA:1,0,0,23
BRDA:569,1,0,0
BRDA:1,2,0,13
BRDA:1,3,0,9
BRDA:1,4,0,11
BRDA:1,5,0,9
BRDA:1,6,0,9
BRDA:1,7,0,13
BRDA:1,8,0,13
BRDA:1,9,0,46
BRDA:1,10,0,9
BRDA:1,11,0,9
BRDA:1,12,0,9
BRDA:1,13,0,9
BRDA:1,14,0,14
BRDA:1,15,0,10
BRDA:1,16,0,9
BRDA:1,17,0,9
BRDA:1,18,0,27
BRDA:1,19,0,9
BRDA:1,20,0,10
BRDA:1,21,0,9
BRDA:1,22,0,9
BRDA:1,23,0,31
BRDA:1,24,0,9
BRDA:182,25,0,14
BRDA:182,26,0,13
BRDA:188,27,0,14
BRDA:188,28,0,13
BRDA:211,29,0,43
BRDA:213,30,0,1
BRDA:223,31,0,15
BRDA:224,32,0,3
BRDA:225,33,0,12
BRDA:225,34,0,2
BRDA:226,35,0,10
BRDA:243,36,0,37
BRDA:249,37,0,14
BRDA:249,38,0,12
BRDA:249,39,0,16
BRDA:250,40,0,16
BRDA:250,41,0,22
BRDA:252,42,0,4
BRDA:252,43,0,3
BRDA:252,44,0,15
BRDA:254,45,0,8
BRDA:255,46,0,5
BRDA:249,47,0,4
BRDA:254,48,0,2
BRDA:252,49,0,2
BRDA:259,50,0,21
BRDA:264,51,0,5
BRDA:266,52,0,4
BRDA:266,53,0,3
BRDA:267,54,0,2
BRDA:360,55,0,62
BRDA:362,56,0,18
BRDA:363,57,0,44
BRDA:365,58,0,29
BRDA:378,59,0,9
BRDA:379,60,0,2
BRDA:379,61,0,3
BRDA:380,62,0,6
BRDA:380,63,0,5
BRDA:380,64,0,2
BRDA:381,65,0,4
BRDA:541,66,0,30
BRDA:544,67,0,31
BRDA:545,68,0,13
BRDA:546,69,0,18
BRDA:547,70,0,2
BRDA:550,71,0,11
BRDA:551,72,0,13
BRDA:551,73,0,13
BRDA:553,74,0,5
BRDA:553,75,0,3
BRDA:556,76,0,9
BRDA:556,77,0,21
BRDA:557,78,0,23
BRDA:557,79,0,9
BRDA:557,80,0,4
BRDA:557,81,0,1
BRDA:557,82,0,5
BRDA:557,83,0,3
BRDA:557,84,0,2
BRDA:557,85,0,21
BRDA:548,86,0,0
BRDA:549,87,0,0
BRDA:552,88,0,0
BRDA:562,89,0,9
BRDA:563,90,0,3
BRDA:564,91,0,4
BRDA:564,92,0,1
BRDA:564,93,0,3
BRDA:569,94,0,3
BRDA:570,95,0,0
BRDA:571,96,0,1
BRDA:571,97,0,2
BRDA:572,98,0,1
BRDA:574,99,0,1
BRDA:574,100,0,2
BRDA:575,101,0,1
BRDA:575,102,0,2
BRDA:364,103,0,79
BRDA:213,104,0,60
BRDA:213,105,0,1
BRDA:213,106,0,60
BRDA:213,107,0,22
BRDA:213,108,0,21
BRDA:214,109,0,58
BRDA:214,110,0,4
BRDA:214,111,0,17
BRF:112
BRH:107
DA:1,23
DA:2,23
DA:3,23
DA:4,23
DA:5,23
DA:6,23
DA:7,23
DA:8,23
DA:9,23
DA:11,23
DA:13,23
DA:14,23
DA:15,23
DA:18,23
DA:20,23
DA:21,23
DA:22,23
DA:24,23
DA:25,23
DA:26,23
DA:28,23
DA:29,23
DA:30,23
DA:32,23
DA:33,23
DA:34,23
DA:35,23
DA:37,23
DA:38,23
DA:151,23
DA:152,23
DA:153,23
DA:154,23
DA:155,23
DA:156,23
DA:157,23
DA:158,23
DA:159,23
DA:160,23
DA:161,23
DA:162,23
DA:163,23
DA:164,23
DA:165,23
DA:166,23
DA:167,23
DA:168,23
DA:169,23
DA:170,23
DA:172,23
DA:173,23
DA:174,23
DA:175,23
DA:176,23
DA:177,23
DA:178,23
DA:179,23
DA:180,23
DA:181,23
DA:182,23
DA:183,23
DA:184,23
DA:185,23
DA:186,23
DA:187,23
DA:188,23
DA:189,23
DA:190,23
DA:191,23
DA:192,23
DA:193,23
DA:195,23
DA:196,23
DA:197,23
DA:198,23
DA:199,23
DA:200,23
DA:201,23
DA:202,23
DA:203,0
DA:204,0
DA:205,0
DA:206,23
DA:207,23
DA:208,23
DA:209,23
DA:210,23
DA:211,23
DA:212,43
DA:213,43
DA:214,43
DA:215,43
DA:216,23
DA:217,23
DA:218,23
DA:219,23
DA:220,23
DA:221,23
DA:222,23
DA:223,23
DA:224,15
DA:225,15
DA:226,15
DA:227,15
DA:228,23
DA:229,23
DA:230,23
DA:231,23
DA:232,23
DA:233,23
DA:234,23
DA:236,23
DA:237,23
DA:238,23
DA:239,23
DA:240,23
DA:241,23
DA:242,23
DA:243,23
DA:244,37
DA:245,37
DA:246,37
DA:247,37
DA:248,37
DA:249,37
DA:250,37
DA:251,22
DA:252,22
DA:253,22
DA:254,37
DA:255,37
DA:256,37
DA:257,37
DA:258,23
DA:259,23
DA:260,21
DA:261,21
DA:262,23
DA:263,23
DA:264,23
DA:265,5
DA:266,5
DA:267,5
DA:268,5
DA:269,23
DA:270,23
DA:271,23
DA:272,23
DA:273,23
DA:275,23
DA:276,23
DA:277,23
DA:278,23
DA:279,23
DA:280,23
DA:282,23
DA:283,23
DA:284,23
DA:285,23
DA:286,23
DA:287,23
DA:301,23
DA:302,23
DA:308,23
DA:309,23
DA:310,23
DA:353,23
DA:354,23
DA:355,23
DA:356,23
DA:357,23
DA:358,23
DA:359,23
DA:360,23
DA:361,62
DA:362,62
DA:363,62
DA:364,44
DA:365,62
DA:366,62
DA:367,23
DA:368,23
DA:369,23
DA:370,23
DA:371,23
DA:372,23
DA:373,23
DA:374,23
DA:375,23
DA:376,23
DA:377,23
DA:378,23
DA:379,9
DA:380,9
DA:381,9
DA:382,9
DA:383,23
DA:384,23
DA:385,23
DA:386,23
DA:387,23
DA:388,23
DA:389,0
DA:390,0
DA:391,0
DA:392,0
DA:393,23
DA:394,23
DA:395,23
DA:396,23
DA:397,23
DA:406,23
DA:407,23
DA:408,23
DA:409,23
DA:410,23
DA:411,23
DA:412,23
DA:413,23
DA:414,23
DA:415,23
DA:416,23
DA:417,23
DA:418,23
DA:419,23
DA:420,23
DA:421,23
DA:422,23
DA:423,23
DA:424,23
DA:425,23
DA:426,23
DA:427,23
DA:428,23
DA:429,23
DA:430,23
DA:431,23
DA:432,23
DA:433,23
DA:434,23
DA:435,23
DA:436,23
DA:437,23
DA:438,23
DA:439,23
DA:440,23
DA:441,23
DA:442,23
DA:443,23
DA:444,23
DA:445,23
DA:446,23
DA:447,23
DA:448,23
DA:449,23
DA:450,23
DA:451,23
DA:452,23
DA:453,23
DA:454,23
DA:455,23
DA:456,23
DA:457,0
DA:458,0
DA:459,0
DA:460,23
DA:461,23
DA:462,23
DA:463,23
DA:464,23
DA:465,23
DA:466,23
DA:467,23
DA:476,23
DA:477,23
DA:478,23
DA:480,23
DA:481,23
DA:492,23
DA:493,23
DA:499,23
DA:500,23
DA:501,23
DA:502,23
DA:503,23
DA:504,23
DA:505,23
DA:506,23
DA:518,23
DA:519,23
DA:520,23
DA:521,23
DA:522,23
DA:523,23
DA:524,23
DA:525,23
DA:526,23
DA:527,23
DA:536,23
DA:537,23
DA:538,23
DA:539,23
DA:540,23
DA:541,23
DA:542,30
DA:543,30
DA:544,30
DA:545,31
DA:546,31
DA:547,31
DA:548,31
DA:549,31
DA:550,31
DA:551,31
DA:552,13
DA:553,13
DA:554,13
DA:555,31
DA:556,30
DA:557,30
DA:558,30
DA:559,30
DA:560,23
DA:561,23
DA:562,23
DA:563,9
DA:564,9
DA:565,9
DA:566,23
DA:567,23
DA:568,23
DA:569,0
DA:570,3
DA:571,3
DA:572,2
DA:573,3
DA:574,3
DA:575,3
DA:576,3
DA:577,1
DA:588,1
DA:589,0
DA:590,1
DA:598,1
DA:599,0
DA:600,0
DA:601,0
DA:602,0
DA:603,0
DA:604,0
DA:605,0
DA:606,0
DA:607,0
DA:615,1
DA:616,0
DA:617,0
DA:618,0
DA:619,0
DA:631,1
DA:632,0
DA:633,0
DA:634,0
DA:635,0
DA:636,0
DA:637,0
DA:639,1
DA:684,1
DA:685,0
DA:686,0
DA:687,0
DA:688,0
DA:703,1
DA:704,0
DA:705,0
DA:706,0
DA:707,0
DA:708,0
DA:709,0
DA:710,0
DA:711,0
DA:712,0
DA:714,0
DA:715,0
DA:717,1
DA:770,0
DA:771,0
DA:772,0
DA:773,1
DA:774,0
DA:775,0
DA:789,1
DA:790,0
DA:791,0
DA:792,0
DA:793,0
DA:839,1
DA:840,0
DA:841,0
DA:848,1
DA:877,1
DA:882,1
DA:883,0
DA:884,0
DA:885,0
DA:886,0
DA:887,0
DA:900,1
DA:901,0
DA:902,0
DA:903,0
DA:908,1
DA:909,0
DA:910,0
DA:911,0
DA:917,1
DA:928,1
DA:956,1
DA:957,0
DA:965,1
DA:966,0
DA:967,0
DA:969,1
DA:970,0
DA:971,0
DA:975,1
DA:976,0
DA:990,1
DA:991,0
DA:1000,1
DA:1001,0
DA:1063,1
DA:1064,0
DA:1065,0
DA:1066,0
DA:1088,1
DA:1089,0
DA:1090,1
DA:1091,0
DA:1092,0
DA:1093,0
DA:1094,0
DA:1096,1
DA:1118,1
DA:1119,0
DA:1120,0
DA:1121,0
DA:1122,0
DA:1138,1
DA:1139,0
DA:1140,1
DA:1141,0
DA:1142,0
DA:1156,0
DA:1157,1
DA:1158,0
DA:1173,0
DA:1174,1
DA:1175,0
DA:1176,1
DA:1177,0
DA:1178,0
DA:1179,0
DA:1180,0
DA:1181,0
DA:1182,0
DA:1185,0
DA:1186,1
DA:1187,0
DA:1188,0
DA:1189,0
DA:1190,0
DA:1261,1
DA:1262,0
DA:1263,0
DA:1264,0
DA:1284,1
DA:1285,0
DA:1286,0
DA:1287,0
DA:1297,1
DA:1298,0
DA:1299,0
DA:1303,1
DA:1304,0
DA:1305,0
DA:1306,0
DA:1307,0
DA:1312,1
DA:1313,0
DA:1314,0
DA:1315,0
DA:1323,1
DA:1324,0
DA:1325,0
DA:1326,0
DA:1345,1
DA:1346,0
DA:1347,0
DA:1348,0
DA:1349,0
DA:1350,0
DA:1397,1
DA:1398,0
DA:1399,0
DA:1400,0
DA:1414,1
DA:1415,0
DA:1431,1
DA:1432,0
DA:1433,0
DA:1434,0
DA:1435,0
DA:1436,0
DA:1437,0
DA:1438,0
DA:1439,0
DA:1440,0
DA:1441,0
DA:1452,1
DA:1453,0
DA:1454,0
DA:1456,1
DA:1470,1
DA:1471,0
DA:1472,0
DA:1486,1
DA:1494,1
DA:1495,0
DA:1496,0
DA:1497,0
DA:1502,1
DA:1503,0
DA:1504,0
DA:1505,0
DA:1512,1
DA:1513,0
DA:1514,0
DA:1515,0
DA:1516,0
DA:1524,1
DA:1525,0
DA:1526,1
DA:1527,0
DA:1532,1
DA:1544,1
DA:1545,0
DA:1546,0
DA:1547,0
DA:1548,0
DA:1558,1
DA:1569,1
DA:1570,0
DA:1571,0
DA:1572,0
DA:1573,0
DA:1605,0
DA:1606,0
DA:1607,0
DA:1672,0
DA:1673,0
DA:1680,1
DA:1681,0
DA:1683,0
DA:1684,0
DA:1686,0
DA:1687,0
DA:1688,0
DA:1690,1
DA:1691,0
DA:1694,1
DA:1695,0
DA:1698,1
DA:1699,0
DA:1700,1
DA:1701,0
DA:1702,0
DA:1703,0
DA:1704,0
DA:1705,0
DA:1706,0
DA:1736,1
DA:1759,1
DA:1789,1
DA:1815,1
DA:1821,1
DA:1880,1
DA:1884,1
DA:1917,1
DA:1918,0
DA:1919,0
DA:1923,0
LH:1733
LF:1923
end_of_record
SF:dist/pyodide/pyodide.asm.mjs
FN:1,_createPyodideModule
FN:1,anonymous_1
FN:1,quit_
FN:1,locateFile
FN:1,readBinary
FN:1,readAsync
FN:1,quit_
FN:1,readBinary
FN:1,readAsync
FN:1,globalThis.clearTimeout
FN:1,globalThis.setTimeout
FN:1,quit_
FN:1,readBinary
FN:1,readAsync
FN:1,assert
FN:1,isFileURI
FN:1,updateMemoryViews
FN:1,preRun
FN:1,initRuntime
FN:1,preMain
FN:1,exitRuntime
FN:1,postRun
FN:1,abort
FN:1,findWasmBinary
FN:1,getBinarySync
FN:1,getWasmBinary
FN:1,instantiateArrayBuffer
FN:1,instantiateAsync
FN:1,getWasmImports
FN:1,createWasm
FN:1,receiveInstance
FN:1,receiveInstantiationResult
FN:1,anonymous_32
FN:1,anonymous_33
FN:1,<instance_members_initializer>
FN:1,ExitStatus
FN:1,get
FN:1,callRuntimeCallbacks
FN:1,addOnPostRun
FN:1,addOnPreRun
FN:1,findStringEnd
FN:1,UTF8ArrayToString
FN:1,getDylinkMetadata
FN:1,getU8
FN:1,getLEB
FN:1,getString
FN:1,getStringList
FN:1,failIf
FN:1,getValue
FN:1,newDSO
FN:1,init
FN:1,alignMemory
FN:1,getMemory
FN:1,isInternalSym
FN:1,getWasmTableEntry
FN:1,updateTableMap
FN:1,getFunctionAddress
FN:1,getEmptyTableSlot
FN:1,setWasmTableEntry
FN:1,uleb128EncodeWithLen
FN:1,generateTypePack
FN:1,anonymous_61
FN:1,convertJsFunctionToWasm
FN:1,addFunction
FN:1,updateGOT
FN:1,isImmutableGlobal
FN:1,relocateExports
FN:1,relocateExport
FN:1,isSymbolDefined
FN:1,createNamedFunction
FN:1,resolveGlobalSymbol
FN:1,addOnPostCtor
FN:1,UTF8ToString
FN:1,loadWebAssemblyModule
FN:1,loadModule
FN:1,resolveSymbol
FN:1,get
FN:1,stubs.<computed>
FN:1,postInstantiation
FN:1,addEmAsm
FN:1,addEmJs
FN:1,anonymous_81
FN:1,anonymous_82
FN:1,mergeLibSymbols
FN:1,setImport
FN:1,asyncLoad
FN:1,registerWasmPlugin
FN:1,canHandle
FN:1,handle
FN:1,isAbs
FN:1,splitPath
FN:1,normalizeArray
FN:1,normalize
FN:1,anonymous_93
FN:1,dirname
FN:1,basename
FN:1,join
FN:1,join2
FN:1,replaceORIGIN
FN:1,stackSave
FN:1,stackRestore
FN:1,withStackSave
FN:1,stackAlloc
FN:1,lengthBytesUTF8
FN:1,stringToUTF8Array
FN:1,stringToUTF8
FN:1,stringToUTF8OnStack
FN:1,base64Decode
FN:1,initRandomFill
FN:1,anonymous_109
FN:1,anonymous_110
FN:1,anonymous_111
FN:1,randomFill
FN:1,resolve
FN:1,anonymous_114
FN:1,relative
FN:1,intArrayFromString
FN:1,FS_stdin_getChar
FN:1,init
FN:1,shutdown
FN:1,register
FN:1,open
FN:1,close
FN:1,fsync
FN:1,read
FN:1,write
FN:1,get_char
FN:1,put_char
FN:1,fsync
FN:1,ioctl_tcgets
FN:1,ioctl_tcsets
FN:1,ioctl_tiocgwinsz
FN:1,put_char
FN:1,fsync
FN:1,zeroMemory
FN:1,mmapAlloc
FN:1,mount
FN:1,createNode
FN:1,getFileDataAsTypedArray
FN:1,expandFileStorage
FN:1,resizeFileStorage
FN:1,getattr
FN:1,setattr
FN:1,lookup
FN:1,mknod
FN:1,rename
FN:1,unlink
FN:1,rmdir
FN:1,readdir
FN:1,symlink
FN:1,readlink
FN:1,read
FN:1,write
FN:1,llseek
FN:1,mmap
FN:1,msync
FN:1,FS_modeStringToFlags
FN:1,FS_fileDataToTypedArray
FN:1,FS_getMode
FN:1,indexedDB
FN:1,queuePersist
FN:1,mount
FN:1,syncfs
FN:1,quit
FN:1,getDB
FN:1,getLocalSet
FN:1,getRemoteSet
FN:1,loadLocalEntry
FN:1,storeLocalEntry
FN:1,removeLocalEntry
FN:1,loadRemoteEntry
FN:1,storeRemoteEntry
FN:1,removeRemoteEntry
FN:1,reconcile
FN:1,staticInit
FN:1,convertNodeCode
FN:1,tryFSOperation
FN:1,mount
FN:1,createNode
FN:1,getMode
FN:1,realPath
FN:1,flagsForNode
FN:1,getattr
FN:1,setattr
FN:1,getattr
FN:1,setattr
FN:1,lookup
FN:1,mknod
FN:1,rename
FN:1,unlink
FN:1,rmdir
FN:1,readdir
FN:1,symlink
FN:1,readlink
FN:1,statfs
FN:1,getattr
FN:1,setattr
FN:1,open
FN:1,close
FN:1,dup
FN:1,read
FN:1,write
FN:1,llseek
FN:1,mmap
FN:1,msync
FN:1,mount
FN:1,createNode
FN:1,getattr
FN:1,setattr
FN:1,lookup
FN:1,mknod
FN:1,rename
FN:1,unlink
FN:1,rmdir
FN:1,readdir
FN:1,symlink
FN:1,read
FN:1,write
FN:1,llseek
FN:1,mount
FN:1,createNode
FN:1,realPath
FN:1,getattr
FN:1,setattr
FN:1,lookup
FN:1,mknod
FN:1,rename
FN:1,unlink
FN:1,rmdir
FN:1,readdir
FN:1,symlink
FN:1,readlink
FN:1,open
FN:1,close
FN:1,read
FN:1,write
FN:1,llseek
FN:1,FS_createDataFile
FN:1,getUniqueRunDependency
FN:1,removeRunDependency
FN:1,addRunDependency
FN:1,FS_handledByPreloadPlugin
FN:1,FS_preloadFile
FN:1,FS_createPreloadedFile
FN:1,init
FN:1,loadPackage
FN:1,createNode
FN:1,getattr
FN:1,setattr
FN:1,lookup
FN:1,mknod
FN:1,rename
FN:1,unlink
FN:1,rmdir
FN:1,readdir
FN:1,symlink
FN:1,read
FN:1,write
FN:1,llseek
FN:1,<instance_members_initializer>
FN:1,ErrnoError
FN:1,<instance_members_initializer>
FN:1,get object
FN:1,set object
FN:1,get isRead
FN:1,get isWrite
FN:1,get isAppend
FN:1,get flags
FN:1,set flags
FN:1,get position
FN:1,set position
FN:1,<instance_members_initializer>
FN:1,FSNode
FN:1,get read
FN:1,set read
FN:1,get write
FN:1,set write
FN:1,get isFolder
FN:1,get isDevice
FN:1,lookupPath
FN:1,anonymous_280
FN:1,getPath
FN:1,hashName
FN:1,hashAddNode
FN:1,hashRemoveNode
FN:1,lookupNode
FN:1,createNode
FN:1,destroyNode
FN:1,isRoot
FN:1,isMountpoint
FN:1,isFile
FN:1,isDir
FN:1,isLink
FN:1,isChrdev
FN:1,isBlkdev
FN:1,isFIFO
FN:1,isSocket
FN:1,flagsToPermissionString
FN:1,nodePermissions
FN:1,mayLookup
FN:1,mayCreate
FN:1,mayDelete
FN:1,mayOpen
FN:1,checkOpExists
FN:1,nextfd
FN:1,getStreamChecked
FN:1,getStream
FN:1,createStream
FN:1,closeStream
FN:1,dupStream
FN:1,doSetAttr
FN:1,open
FN:1,llseek
FN:1,major
FN:1,minor
FN:1,makedev
FN:1,registerDevice
FN:1,getDevice
FN:1,getMounts
FN:1,syncfs
FN:1,mount
FN:1,unmount
FN:1,lookup
FN:1,mknod
FN:1,statfs
FN:1,statfsStream
FN:1,statfsNode
FN:1,create
FN:1,mkdir
FN:1,mkdirTree
FN:1,mkdev
FN:1,symlink
FN:1,rename
FN:1,rmdir
FN:1,readdir
FN:1,unlink
FN:1,readlink
FN:1,stat
FN:1,fstat
FN:1,lstat
FN:1,doChmod
FN:1,chmod
FN:1,lchmod
FN:1,fchmod
FN:1,doChown
FN:1,chown
FN:1,lchown
FN:1,fchown
FN:1,doTruncate
FN:1,truncate
FN:1,ftruncate
FN:1,utime
FN:1,open
FN:1,close
FN:1,isClosed
FN:1,llseek
FN:1,read
FN:1,write
FN:1,mmap
FN:1,msync
FN:1,ioctl
FN:1,readFile
FN:1,writeFile
FN:1,cwd
FN:1,chdir
FN:1,createDefaultDirectories
FN:1,createDefaultDevices
FN:1,read
FN:1,write
FN:1,llseek
FN:1,randomByte
FN:1,createSpecialDirectories
FN:1,mount
FN:1,lookup
FN:1,readdir
FN:1,createStandardStreams
FN:1,staticInit
FN:1,init
FN:1,quit
FN:1,findObject
FN:1,analyzePath
FN:1,createPath
FN:1,createFile
FN:1,createDataFile
FN:1,createDevice
FN:1,open
FN:1,close
FN:1,read
FN:1,write
FN:1,forceLoadFile
FN:1,createLazyFile
FN:1,findLibraryFS
FN:1,loadDynamicLibrary
FN:1,loadLibData
FN:1,getExports
FN:1,anonymous_395
FN:1,moduleLoaded
FN:1,anonymous_397
FN:1,reportUndefinedSymbols
FN:1,loadDylibs
FN:1,setValue
FN:1,_JsvError_Check
FN:1,_Jsv_GetError_import
FN:1,bigintToI53Checked
FN:1,___assert_fail
FN:1,___call_sighandler
FN:1,on
FN:1,emit
FN:1,mount
FN:1,createSocket
FN:1,getSocket
FN:1,poll
FN:1,ioctl
FN:1,read
FN:1,write
FN:1,close
FN:1,nextname
FN:1,createPeer
FN:1,getPeer
FN:1,addPeer
FN:1,removePeer
FN:1,handlePeerEvents
FN:1,poll
FN:1,ioctl
FN:1,close
FN:1,bind
FN:1,connect
FN:1,listen
FN:1,accept
FN:1,getname
FN:1,sendmsg
FN:1,recvmsg
FN:1,getSocketFromFD
FN:1,inetPton4
FN:1,inetPton6
FN:1,writeSockaddr
FN:1,lookup_name
FN:1,lookup_addr
FN:1,___syscall_accept4
FN:1,inetNtop4
FN:1,inetNtop6
FN:1,readSockaddr
FN:1,getSocketAddress
FN:1,___syscall_bind
FN:1,calculateAt
FN:1,writeStat
FN:1,writeStatFs
FN:1,doMsync
FN:1,getStreamFromFD
FN:1,getStr
FN:1,___syscall_chdir
FN:1,___syscall_chmod
FN:1,___syscall_connect
FN:1,___syscall_dup
FN:1,___syscall_dup3
FN:1,___syscall_faccessat
FN:1,___syscall_fadvise64
FN:1,___syscall_fallocate
FN:1,___syscall_fchdir
FN:1,___syscall_fchmod
FN:1,___syscall_fchmodat2
FN:1,___syscall_fchown32
FN:1,___syscall_fchownat
FN:1,syscallGetVarargI
FN:1,___syscall_fcntl64
FN:1,___syscall_fdatasync
FN:1,___syscall_fstat64
FN:1,___syscall_fstatfs64
FN:1,___syscall_ftruncate64
FN:1,___syscall_getcwd
FN:1,___syscall_getdents64
FN:1,___syscall_getpeername
FN:1,___syscall_getsockname
FN:1,___syscall_getsockopt
FN:1,___syscall_ioctl
FN:1,___syscall_listen
FN:1,___syscall_lstat64
FN:1,___syscall_mkdirat
FN:1,___syscall_mknodat
FN:1,___syscall_newfstatat
FN:1,___syscall_openat
FN:1,mount
FN:1,createPipe
FN:1,getattr
FN:1,poll
FN:1,dup
FN:1,ioctl
FN:1,fsync
FN:1,read
FN:1,write
FN:1,close
FN:1,nextname
FN:1,___syscall_pipe
FN:1,___syscall_poll
FN:1,___syscall_readlinkat
FN:1,___syscall_recvfrom
FN:1,___syscall_recvmsg
FN:1,___syscall_renameat
FN:1,___syscall_rmdir
FN:1,___syscall_sendmsg
FN:1,___syscall_sendto
FN:1,___syscall_socket
FN:1,___syscall_stat64
FN:1,___syscall_statfs64
FN:1,___syscall_symlinkat
FN:1,___syscall_truncate64
FN:1,___syscall_unlinkat
FN:1,readI53FromI64
FN:1,___syscall_utimensat
FN:1,__abort_js
FN:1,dlSetError
FN:1,dlopenInternal
FN:1,__dlopen_js
FN:1,__dlsym_js
FN:1,handleException
FN:1,keepRuntimeAlive
FN:1,_proc_exit
FN:1,exitJS
FN:1,maybeExit
FN:1,callUserCallback
FN:1,runtimeKeepalivePush
FN:1,runtimeKeepalivePop
FN:1,__emscripten_dlopen_js
FN:1,errorCallback
FN:1,successCallback
FN:1,anonymous_525
FN:1,getExecutableName
FN:1,__emscripten_get_progname
FN:1,jsStackTrace
FN:1,getCallstack
FN:1,__emscripten_log_formatted
FN:1,__emscripten_lookup_name
FN:1,__emscripten_runtime_keepalive_clear
FN:1,__emscripten_system
FN:1,__gmtime_js
FN:1,isLeapYear
FN:1,ydayFromDate
FN:1,__localtime_js
FN:1,__mktime_js
FN:1,__mmap_js
FN:1,__msync_js
FN:1,__munmap_js
FN:1,_emscripten_get_now
FN:1,__setitimer_js
FN:1,__timegm_js
FN:1,__tzset_js
FN:1,extractZone
FN:1,_emscripten_get_now_res
FN:1,checkWasiClock
FN:1,_clock_res_get
FN:1,_emscripten_date_now
FN:1,_clock_time_get
FN:1,readEmAsmArgs
FN:1,runEmAsmFunction
FN:1,_emscripten_asm_const_int
FN:1,_emscripten_console_error
FN:1,_emscripten_console_log
FN:1,_emscripten_console_trace
FN:1,_emscripten_console_warn
FN:1,_emscripten_debugger
FN:1,_emscripten_err
FN:1,getHeapMax
FN:1,_emscripten_get_heap_max
FN:1,webgl_enable_ANGLE_instanced_arrays
FN:1,webgl_enable_OES_vertex_array_object
FN:1,webgl_enable_WEBGL_draw_buffers
FN:1,webgl_enable_WEBGL_draw_instanced_base_vertex_base_instance
FN:1,webgl_enable_WEBGL_multi_draw_instanced_base_vertex_base_instance
FN:1,webgl_enable_EXT_polygon_offset_clamp
FN:1,webgl_enable_EXT_clip_control
FN:1,webgl_enable_WEBGL_polygon_mode
FN:1,webgl_enable_WEBGL_multi_draw
FN:1,getEmscriptenSupportedExtensions
FN:1,recordError
FN:1,getNewId
FN:1,genObject
FN:1,getSource
FN:1,createContext
FN:1,registerContext
FN:1,makeContextCurrent
FN:1,getContext
FN:1,deleteContext
FN:1,initExtensions
FN:1,_emscripten_glActiveTexture
FN:1,_emscripten_glAttachShader
FN:1,_emscripten_glBeginQuery
FN:1,_emscripten_glBeginQueryEXT
FN:1,_emscripten_glBeginTransformFeedback
FN:1,_emscripten_glBindAttribLocation
FN:1,_emscripten_glBindBuffer
FN:1,_emscripten_glBindBufferBase
FN:1,_emscripten_glBindBufferRange
FN:1,_emscripten_glBindFramebuffer
FN:1,_emscripten_glBindRenderbuffer
FN:1,_emscripten_glBindSampler
FN:1,_emscripten_glBindTexture
FN:1,_emscripten_glBindTransformFeedback
FN:1,_emscripten_glBindVertexArray
FN:1,_emscripten_glBlendColor
FN:1,_emscripten_glBlendEquation
FN:1,_emscripten_glBlendEquationSeparate
FN:1,_emscripten_glBlendFunc
FN:1,_emscripten_glBlendFuncSeparate
FN:1,_emscripten_glBlitFramebuffer
FN:1,_emscripten_glBufferData
FN:1,_emscripten_glBufferSubData
FN:1,_emscripten_glCheckFramebufferStatus
FN:1,_emscripten_glClear
FN:1,_emscripten_glClearBufferfi
FN:1,_emscripten_glClearBufferfv
FN:1,_emscripten_glClearBufferiv
FN:1,_emscripten_glClearBufferuiv
FN:1,_emscripten_glClearColor
FN:1,_emscripten_glClearDepthf
FN:1,_emscripten_glClearStencil
FN:1,_emscripten_glClientWaitSync
FN:1,_emscripten_glClipControlEXT
FN:1,_emscripten_glColorMask
FN:1,_emscripten_glCompileShader
FN:1,_emscripten_glCompressedTexImage2D
FN:1,_emscripten_glCompressedTexImage3D
FN:1,_emscripten_glCompressedTexSubImage2D
FN:1,_emscripten_glCompressedTexSubImage3D
FN:1,_emscripten_glCopyBufferSubData
FN:1,_emscripten_glCopyTexImage2D
FN:1,_emscripten_glCopyTexSubImage2D
FN:1,_emscripten_glCopyTexSubImage3D
FN:1,_emscripten_glCreateProgram
FN:1,_emscripten_glCreateShader
FN:1,_emscripten_glCullFace
FN:1,_emscripten_glDeleteBuffers
FN:1,_emscripten_glDeleteFramebuffers
[...]
DA:9,3
DA:10,3
DA:11,3
DA:12,3
DA:13,3
DA:14,3
DA:15,3
DA:16,3
DA:17,3
DA:18,3
DA:19,3
DA:20,3
DA:21,3
DA:22,21
DA:23,21
DA:24,21
DA:25,21
DA:26,3
DA:27,3
DA:28,3
DA:29,3
DA:30,3
DA:31,3
DA:32,3
DA:33,3
DA:34,3
DA:35,3
DA:36,3
DA:37,3
DA:38,3
DA:39,3
DA:40,3
DA:41,3
DA:42,3
DA:43,3
DA:44,3
DA:45,3
DA:46,3
DA:47,3
DA:48,3
DA:49,3
DA:50,3
DA:51,18
DA:52,18
DA:53,18
DA:54,18
DA:55,3
DA:80,3
DA:81,16
DA:82,16
DA:83,16
DA:84,16
DA:85,16
DA:86,16
DA:87,16
DA:88,16
DA:89,16
DA:90,0
DA:91,0
DA:92,0
DA:93,16
DA:94,16
DA:95,16
DA:96,16
DA:97,16
DA:98,16
DA:99,16
DA:100,16
DA:101,16
DA:102,16
DA:103,16
DA:104,2
DA:105,2
DA:106,16
DA:107,16
DA:108,16
DA:109,16
DA:110,16
DA:111,16
DA:112,16
DA:113,16
DA:114,16
DA:115,6
DA:116,6
DA:117,6
DA:118,16
DA:119,16
DA:120,16
DA:121,16
LH:118
LF:121
end_of_record
SF:tools.ts
FN:921,anonymous_0
FN:1,buildDereferenceTool
FN:1,makeDomTools
FN:34,anonymous_3
FN:53,anonymous_4
FN:73,anonymous_5
FN:108,anonymous_6
FN:125,anonymous_7
FN:143,anonymous_8
FN:152,anonymous_9
FN:158,anonymous_10
FN:166,anonymous_11
FN:177,anonymous_12
FN:194,anonymous_13
FN:240,anonymous_14
FN:343,anonymous_15
FN:352,anonymous_16
FN:353,anonymous_17
FN:354,anonymous_18
FN:379,anonymous_19
FN:417,anonymous_20
FN:439,anonymous_21
FN:525,anonymous_22
FN:537,anonymous_23
FN:538,anonymous_24
FN:671,anonymous_25
FN:728,anonymous_26
FN:761,anonymous_27
FN:809,anonymous_28
FN:860,anonymous_29
FN:921,buildDereferenceTool
FNDA:0,anonymous_0
FNDA:1,buildDereferenceTool
FNDA:1,makeDomTools
FNDA:0,anonymous_3
FNDA:0,anonymous_4
FNDA:0,anonymous_5
FNDA:0,anonymous_6
FNDA:0,anonymous_7
FNDA:0,anonymous_8
FNDA:2,anonymous_9
FNDA:0,anonymous_10
FNDA:0,anonymous_11
FNDA:5,anonymous_12
FNDA:0,anonymous_13
FNDA:0,anonymous_14
FNDA:5,anonymous_15
FNDA:3,anonymous_16
FNDA:0,anonymous_17
FNDA:2,anonymous_18
FNDA:0,anonymous_19
FNDA:0,anonymous_20
FNDA:0,anonymous_21
FNDA:0,anonymous_22
FNDA:0,anonymous_23
FNDA:0,anonymous_24
FNDA:0,anonymous_25
FNDA:0,anonymous_26
FNDA:0,anonymous_27
FNDA:0,anonymous_28
FNDA:0,anonymous_29
FNDA:0,buildDereferenceTool
FNF:31
FNH:7
BRDA:1,0,0,1
BRDA:921,1,0,0
BRDA:1,2,0,1
BRDA:1,3,0,1
BRDA:152,4,0,2
BRDA:153,5,0,1
BRDA:177,6,0,5
BRDA:343,7,0,5
BRDA:345,8,0,0
BRDA:348,9,0,4
BRDA:352,10,0,3
BRDA:357,11,0,1
BRDA:361,12,0,1
BRDA:362,13,0,0
BRDA:364,14,0,0
BRDA:352,15,0,3
BRDA:353,16,0,2
BRDA:353,17,0,1
BRDA:354,18,0,1
BRDA:354,19,0,1
BRDA:354,20,0,0
BRDA:355,21,0,2
BRDA:354,22,0,2
BRF:23
BRH:18
DA:1,1
DA:2,1
DA:3,1
DA:4,1
DA:5,1
DA:6,1
DA:9,1
DA:10,1
DA:12,1
DA:13,1
DA:14,1
DA:15,1
DA:17,1
DA:18,1
DA:19,1
DA:20,1
DA:21,1
DA:22,1
DA:24,1
DA:25,1
DA:26,1
DA:27,1
DA:28,1
DA:29,1
DA:30,1
DA:31,1
DA:32,1
DA:33,1
DA:34,1
DA:35,1
DA:36,1
DA:37,1
DA:38,1
DA:39,1
DA:40,1
DA:41,1
DA:42,1
DA:43,1
DA:44,1
DA:45,1
DA:46,1
DA:47,1
DA:48,1
DA:49,1
DA:50,1
DA:51,1
DA:52,1
DA:53,1
DA:54,0
DA:55,0
DA:56,0
DA:57,0
DA:58,0
DA:59,0
DA:60,0
DA:61,0
DA:62,1
DA:63,1
DA:64,1
DA:65,1
DA:66,1
DA:67,1
DA:68,1
DA:69,1
DA:70,1
DA:71,1
DA:72,1
DA:73,1
DA:74,0
DA:75,0
DA:76,0
DA:77,0
DA:78,0
DA:79,0
DA:80,0
DA:81,0
DA:82,0
DA:83,0
DA:84,0
DA:85,0
DA:86,0
DA:87,0
DA:88,0
DA:89,0
DA:90,0
DA:91,0
DA:92,0
DA:93,0
DA:94,0
DA:95,0
DA:96,0
DA:97,1
DA:98,1
DA:99,1
DA:100,1
DA:101,1
DA:102,1
DA:103,1
DA:104,1
DA:105,1
DA:106,1
DA:107,1
DA:108,1
DA:109,0
DA:110,0
DA:111,0
DA:112,0
DA:113,0
DA:114,0
DA:115,0
DA:116,1
DA:117,1
DA:118,1
DA:119,1
DA:120,1
DA:121,1
DA:122,1
DA:123,1
DA:124,1
DA:125,1
DA:126,0
DA:127,0
DA:128,0
DA:129,0
DA:130,0
DA:131,0
DA:132,0
DA:133,0
DA:134,0
DA:135,0
DA:136,0
DA:137,0
DA:138,0
DA:139,1
DA:140,1
DA:141,1
DA:142,1
DA:143,1
DA:144,0
DA:145,0
DA:146,0
DA:147,0
DA:148,0
DA:149,0
DA:150,1
DA:151,1
DA:152,1
DA:153,1
DA:154,1
DA:155,1
DA:156,1
DA:157,1
DA:158,1
DA:159,0
DA:160,0
DA:161,1
DA:162,1
DA:163,1
DA:164,1
DA:165,1
DA:166,1
DA:167,0
DA:168,0
DA:169,0
DA:170,0
DA:171,0
DA:172,0
DA:173,1
DA:174,1
DA:175,1
DA:176,1
DA:177,1
DA:178,5
DA:179,5
DA:180,5
DA:181,5
DA:182,5
DA:183,5
DA:184,5
DA:185,5
DA:186,5
DA:187,5
DA:188,5
DA:189,5
DA:190,5
DA:191,5
DA:192,5
DA:193,5
DA:194,5
DA:195,0
DA:196,0
DA:197,0
DA:198,0
DA:199,0
DA:200,0
DA:201,0
DA:202,0
DA:203,0
DA:204,0
DA:205,0
DA:206,0
DA:207,0
DA:208,0
DA:209,0
DA:210,0
DA:211,0
DA:212,0
DA:213,0
DA:214,0
DA:215,0
DA:216,0
DA:217,0
DA:218,5
DA:219,5
DA:220,5
DA:221,5
DA:222,5
DA:223,5
DA:224,5
DA:225,5
DA:226,5
DA:227,5
DA:228,5
DA:229,5
DA:230,5
DA:231,5
DA:232,5
DA:233,5
DA:234,5
DA:235,5
DA:236,5
DA:237,5
DA:238,5
DA:239,5
DA:240,5
DA:241,0
DA:242,0
DA:243,0
DA:244,0
DA:245,0
DA:246,0
DA:247,0
DA:248,0
DA:250,0
DA:251,0
DA:252,0
DA:253,0
DA:254,0
DA:255,0
DA:256,0
DA:257,0
DA:258,0
DA:259,0
DA:260,0
DA:261,0
DA:262,0
DA:263,0
DA:264,0
DA:265,0
DA:266,0
DA:267,0
DA:268,0
DA:269,0
DA:270,0
DA:271,0
DA:272,0
DA:273,0
DA:274,0
DA:275,0
DA:276,0
DA:277,0
DA:278,0
DA:279,0
DA:280,0
DA:281,0
DA:282,0
DA:283,0
DA:284,0
DA:285,0
DA:286,0
DA:287,0
DA:288,0
DA:289,0
DA:290,0
DA:291,0
DA:292,0
DA:293,0
DA:294,0
DA:295,0
DA:296,0
DA:297,0
DA:298,0
DA:299,0
DA:300,0
DA:301,0
DA:302,0
DA:303,0
DA:304,0
DA:305,0
DA:306,0
DA:307,0
DA:308,0
DA:309,0
DA:310,0
DA:311,0
DA:312,0
DA:313,0
DA:314,0
DA:315,0
DA:316,0
DA:317,0
DA:318,0
DA:319,0
DA:320,0
DA:321,0
DA:322,0
DA:323,0
DA:324,0
DA:325,0
DA:326,5
DA:327,5
DA:328,5
DA:329,5
DA:330,5
DA:331,5
DA:332,5
DA:333,5
DA:334,5
DA:335,5
DA:336,5
DA:337,5
DA:338,5
DA:339,5
DA:340,5
DA:341,5
DA:342,5
DA:343,5
DA:344,5
DA:345,5
DA:346,0
DA:347,5
DA:348,5
DA:349,4
DA:350,4
DA:351,4
DA:352,4
DA:353,3
DA:354,3
DA:355,3
DA:356,4
DA:357,4
DA:358,1
DA:359,5
DA:360,5
DA:361,5
DA:362,5
DA:363,5
DA:364,5
DA:365,5
DA:366,5
DA:367,5
DA:368,5
DA:369,5
DA:370,5
DA:371,5
DA:372,5
DA:373,5
DA:374,5
DA:375,5
DA:376,5
DA:377,5
DA:378,5
DA:379,5
DA:380,0
DA:381,0
DA:382,0
DA:383,0
DA:384,0
DA:385,0
DA:386,0
DA:387,0
DA:388,0
DA:389,0
DA:390,0
DA:391,0
DA:392,0
DA:393,0
DA:394,0
DA:395,0
DA:396,0
DA:397,0
DA:398,0
DA:399,0
DA:400,0
DA:401,0
DA:402,0
DA:403,0
DA:404,0
DA:405,0
DA:406,5
DA:407,5
DA:408,5
DA:409,5
DA:410,5
DA:411,5
DA:412,5
DA:413,5
DA:414,5
DA:415,5
DA:416,5
DA:417,5
DA:418,0
DA:419,0
DA:420,0
DA:421,0
DA:422,0
DA:423,5
DA:424,5
DA:425,5
DA:426,5
DA:427,5
DA:428,5
DA:429,5
DA:430,5
DA:431,5
DA:432,5
DA:433,5
DA:434,5
DA:435,5
DA:436,5
DA:437,5
DA:438,5
DA:439,5
DA:440,0
DA:441,0
DA:442,0
DA:443,0
DA:444,0
DA:445,0
DA:446,0
DA:447,0
DA:448,0
DA:449,0
DA:450,0
DA:451,0
DA:452,0
DA:453,0
DA:454,0
DA:455,0
DA:456,0
DA:457,0
DA:458,0
DA:459,0
DA:460,0
DA:461,5
DA:462,5
DA:463,5
DA:464,5
DA:465,5
DA:466,5
DA:467,5
DA:468,5
DA:469,5
DA:470,5
DA:471,5
DA:472,5
DA:473,5
DA:474,5
DA:475,5
DA:476,5
DA:477,5
DA:478,5
DA:479,5
DA:480,5
DA:481,5
DA:482,5
DA:483,5
DA:484,5
DA:485,5
DA:486,5
DA:487,5
DA:488,5
DA:489,5
DA:490,5
DA:491,5
DA:492,5
DA:493,5
DA:494,5
DA:495,5
DA:496,5
DA:497,5
DA:498,5
DA:499,5
DA:500,5
DA:501,5
DA:502,5
DA:503,5
DA:504,5
DA:505,5
DA:506,5
DA:507,5
DA:508,5
DA:509,5
DA:510,5
DA:511,5
DA:512,5
DA:513,5
DA:514,5
DA:515,5
DA:516,5
DA:517,5
DA:518,5
DA:519,5
DA:520,5
DA:521,5
DA:522,5
DA:523,5
DA:524,5
DA:525,5
DA:526,5
DA:527,5
DA:528,5
DA:529,5
DA:530,5
DA:531,5
DA:532,5
DA:533,5
DA:534,5
DA:535,5
DA:536,5
DA:537,5
DA:538,5
DA:539,0
DA:540,0
DA:541,0
DA:542,0
DA:543,0
DA:544,0
DA:545,0
DA:546,0
DA:547,0
DA:548,0
DA:549,0
DA:550,0
DA:551,0
DA:552,0
DA:553,0
DA:554,0
DA:555,0
DA:556,0
DA:557,0
DA:558,0
DA:559,0
DA:560,0
DA:561,0
DA:562,0
DA:563,0
DA:564,0
DA:565,0
DA:566,0
DA:567,0
DA:568,0
DA:569,0
DA:570,0
DA:571,0
DA:572,0
DA:573,0
DA:574,0
DA:575,0
DA:576,0
DA:577,0
DA:578,0
DA:579,0
DA:580,0
DA:581,0
DA:582,0
DA:583,0
DA:584,0
DA:585,0
DA:586,0
DA:587,0
DA:588,0
DA:589,0
DA:590,0
DA:591,0
DA:592,0
DA:593,0
DA:594,0
DA:595,0
DA:596,0
DA:597,0
DA:598,0
DA:599,0
DA:600,0
DA:601,0
DA:602,0
DA:603,0
DA:604,0
DA:605,0
DA:606,0
DA:607,0
DA:608,0
DA:609,0
DA:610,0
DA:611,0
DA:612,0
DA:613,0
DA:614,0
DA:615,0
DA:616,0
DA:617,0
DA:618,0
DA:619,0
DA:620,0
DA:621,0
DA:622,0
DA:623,0
DA:624,0
DA:625,0
DA:626,0
DA:627,0
DA:628,0
DA:629,0
DA:630,0
DA:631,0
DA:632,0
DA:633,0
DA:634,0
DA:635,0
DA:636,0
DA:637,0
DA:638,0
DA:639,0
DA:640,0
DA:641,0
DA:642,0
DA:643,0
DA:644,0
DA:645,0
DA:646,0
DA:647,0
DA:648,0
DA:649,0
DA:650,0
DA:651,0
DA:652,0
DA:653,0
DA:654,0
DA:655,0
DA:656,0
DA:657,0
DA:658,0
DA:659,0
DA:660,0
DA:661,5
DA:662,5
DA:663,5
DA:664,5
DA:665,5
DA:666,5
DA:667,5
DA:668,5
DA:669,5
DA:670,5
DA:671,5
DA:672,5
DA:673,5
DA:674,5
DA:675,5
DA:676,5
DA:677,5
DA:678,5
DA:679,5
DA:680,5
DA:681,5
DA:682,5
DA:683,5
DA:684,5
DA:685,5
DA:686,5
DA:687,5
DA:688,5
DA:689,5
DA:690,5
DA:691,5
DA:692,5
DA:693,5
DA:694,5
DA:695,5
DA:696,5
DA:697,5
DA:698,5
DA:699,5
DA:700,5
DA:701,5
DA:702,5
DA:703,5
DA:704,5
DA:705,5
DA:706,5
DA:707,5
DA:708,5
DA:709,5
DA:710,5
DA:711,5
DA:712,5
DA:713,5
DA:714,5
DA:715,5
DA:716,5
DA:717,5
DA:718,5
DA:719,5
DA:720,5
DA:721,5
DA:722,5
DA:723,5
DA:724,5
DA:725,5
DA:726,5
DA:727,5
DA:728,5
DA:729,0
DA:730,0
DA:731,0
DA:732,0
DA:733,0
DA:734,0
DA:735,0
DA:736,0
DA:737,0
DA:738,0
DA:739,0
DA:740,0
DA:741,0
DA:742,0
DA:743,0
DA:744,0
DA:745,5
DA:746,5
DA:747,5
DA:748,5
DA:749,5
DA:750,5
DA:751,5
DA:752,5
DA:753,5
DA:754,5
DA:755,5
DA:756,5
DA:757,5
DA:758,5
DA:759,5
DA:760,5
DA:761,5
DA:762,0
DA:763,0
DA:764,0
DA:765,0
DA:766,0
DA:767,0
DA:768,0
DA:769,0
DA:770,0
DA:771,0
DA:772,0
DA:773,0
DA:774,0
DA:775,0
DA:776,0
DA:777,0
DA:778,0
DA:779,0
DA:780,0
DA:781,0
DA:782,0
DA:783,0
DA:784,0
DA:785,0
DA:786,0
DA:787,0
DA:788,0
DA:789,0
DA:790,0
DA:791,0
DA:792,5
DA:793,5
DA:794,5
DA:795,5
DA:796,5
DA:797,5
DA:798,5
DA:799,5
DA:800,5
DA:801,5
DA:802,5
DA:803,5
DA:804,5
DA:805,5
DA:806,5
DA:807,5
DA:808,5
DA:809,5
DA:810,0
DA:811,0
DA:812,0
DA:813,0
DA:814,0
DA:815,0
DA:816,0
DA:817,0
DA:818,0
DA:819,0
DA:820,0
DA:821,0
DA:822,0
DA:823,0
DA:824,0
DA:825,0
DA:826,0
DA:827,0
DA:828,0
DA:829,0
DA:830,0
DA:831,0
DA:832,0
DA:833,0
DA:834,0
DA:835,0
DA:836,0
DA:837,5
DA:838,5
DA:839,5
DA:840,5
DA:841,5
DA:842,5
DA:843,5
DA:844,5
DA:845,5
DA:846,5
DA:847,5
DA:848,5
DA:849,5
DA:850,5
DA:851,5
DA:852,5
DA:853,5
DA:854,5
DA:855,5
DA:856,5
DA:857,5
DA:858,5
DA:859,5
DA:860,5
DA:861,0
DA:862,0
DA:863,0
DA:864,0
DA:865,0
DA:866,0
DA:867,0
DA:868,0
DA:869,0
DA:870,0
DA:871,0
DA:872,0
DA:873,0
DA:874,0
DA:875,0
DA:876,0
DA:877,0
DA:878,0
DA:879,0
DA:880,0
DA:881,0
DA:882,0
DA:883,0
DA:884,0
DA:885,0
DA:886,0
DA:887,0
DA:888,0
DA:889,0
DA:890,0
DA:891,0
DA:892,0
DA:893,0
DA:894,0
DA:895,0
DA:896,0
DA:897,0
DA:898,0
DA:899,0
DA:900,0
DA:901,0
DA:902,0
DA:903,0
DA:904,0
DA:905,0
DA:906,0
DA:907,0
DA:908,0
DA:909,0
DA:910,5
DA:911,5
DA:912,1
DA:913,1
DA:914,1
DA:915,1
DA:916,1
DA:917,1
DA:918,1
DA:919,1
DA:920,1
DA:921,0
DA:922,0
DA:923,0
DA:924,0
DA:925,0
DA:926,0
DA:927,0
DA:928,0
DA:929,0
DA:930,0
DA:931,0
DA:932,0
DA:933,0
DA:934,0
DA:935,0
DA:936,0
DA:937,0
DA:938,0
DA:939,0
DA:940,0
DA:941,0
LH:451
LF:941
end_of_record
SF:tools/legend-cases.mjs
FN:12,toWords
FNDA:37,toWords
FNF:1
FNH:1
BRDA:1,0,0,1
BRDA:12,1,0,8
BRDA:14,2,0,37
BRF:3
BRH:3
DA:1,1
DA:2,1
DA:3,1
DA:4,1
DA:5,1
DA:6,1
DA:7,1
DA:8,1
DA:9,1
DA:10,1
DA:11,1
DA:12,1
DA:13,8
DA:14,8
DA:15,8
DA:16,8
DA:17,1
DA:18,1
DA:19,1
DA:20,1
DA:21,1
DA:22,1
DA:23,1
DA:24,1
DA:25,1
DA:26,1
DA:27,1
DA:28,1
DA:29,1
DA:30,1
DA:31,1
DA:32,1
DA:33,1
DA:34,1
DA:35,1
DA:36,1
DA:37,1
DA:38,1
DA:39,1
LH:39
LF:39
end_of_record
SF:util.ts
FN:335,anonymous_0
FN:1,BOX_RE
FN:1,MIN_SHOT_PX
FN:1,POINT_RE
FN:1,PT_LOOK_RADIUS
FN:1,RANGE_MAX
FN:1,SEEN_RADIUS
FN:1,VISION_NUM_CTX
FN:1,agentState
FN:1,browserInfo
FN:1,cropDataUrl
FN:1,extensionDetailsUrl
FN:1,incognitoEnableSteps
FN:1,markSeen
FN:1,mintBox
FN:1,mintPoint
FN:1,mlRange
FN:1,nearbyPoint
FN:1,pageContext
FN:1,projectShotBox
FN:1,projectShotPoint
FN:1,resolveBox
FN:1,resolvePoint
FN:1,seenNearby
FN:1,settle
FN:1,toolToken
FN:46,anonymous_26
FN:83,anonymous_27
FN:96,anonymous_28
FN:111,anonymous_29
FN:178,anonymous_30
FN:194,mlRange
FN:230,anonymous_32
FN:258,anonymous_33
FN:263,anonymous_34
FN:272,anonymous_35
FN:289,anonymous_36
FN:292,anonymous_37
FN:305,anonymous_38
FN:310,anonymous_39
FN:322,anonymous_40
FN:324,anonymous_41
FN:335,anonymous_42
FN:178,anonymous_43
FN:57,anonymous_44
FN:59,anonymous_45
FN:293,anonymous_46
FNDA:0,anonymous_0
FNDA:13,BOX_RE
FNDA:4,MIN_SHOT_PX
FNDA:23,POINT_RE
FNDA:4,PT_LOOK_RADIUS
FNDA:4,RANGE_MAX
FNDA:4,SEEN_RADIUS
FNDA:4,VISION_NUM_CTX
FNDA:4,agentState
FNDA:4,browserInfo
FNDA:4,cropDataUrl
FNDA:4,extensionDetailsUrl
FNDA:4,incognitoEnableSteps
FNDA:4,markSeen
FNDA:4,mintBox
FNDA:4,mintPoint
FNDA:4,mlRange
FNDA:4,nearbyPoint
FNDA:4,pageContext
FNDA:4,projectShotBox
FNDA:4,projectShotPoint
FNDA:4,resolveBox
FNDA:10,resolvePoint
FNDA:4,seenNearby
FNDA:5,settle
FNDA:54,toolToken
FNDA:46,anonymous_26
FNDA:8,anonymous_27
FNDA:5,anonymous_28
FNDA:6,anonymous_29
FNDA:1,anonymous_30
FNDA:18,mlRange
FNDA:0,anonymous_32
FNDA:2,anonymous_33
FNDA:6,anonymous_34
FNDA:0,anonymous_35
FNDA:5,anonymous_36
FNDA:9,anonymous_37
FNDA:0,anonymous_38
FNDA:0,anonymous_39
FNDA:3,anonymous_40
FNDA:1,anonymous_41
FNDA:1183,anonymous_42
FNDA:1,anonymous_43
FNDA:7,anonymous_44
FNDA:0,anonymous_45
FNDA:8,anonymous_46
FNF:47
FNH:41
BRDA:1,0,0,12
BRDA:335,1,0,0
BRDA:1,2,0,13
BRDA:1,3,0,4
BRDA:1,4,0,23
BRDA:1,5,0,4
BRDA:1,6,0,4
BRDA:1,7,0,4
BRDA:1,8,0,4
BRDA:1,9,0,4
BRDA:1,10,0,4
BRDA:1,11,0,4
BRDA:1,12,0,4
BRDA:1,13,0,4
BRDA:1,14,0,4
BRDA:1,15,0,4
BRDA:1,16,0,4
BRDA:1,17,0,4
BRDA:1,18,0,4
BRDA:1,19,0,4
BRDA:1,20,0,4
BRDA:1,21,0,4
BRDA:1,22,0,4
BRDA:1,23,0,10
BRDA:1,24,0,4
BRDA:1,25,0,5
BRDA:1,26,0,54
BRDA:46,27,0,15
BRDA:51,28,0,6
BRDA:51,29,0,0
BRDA:53,30,0,5
BRDA:54,31,0,5
BRDA:58,32,0,0
BRDA:58,33,0,0
BRDA:61,34,0,10
BRDA:63,35,0,1
BRDA:64,36,0,46
BRDA:65,37,0,41
BRDA:65,38,0,5
BRDA:66,39,0,43
BRDA:67,40,0,3
BRDA:67,41,0,2
BRDA:68,42,0,3
BRDA:68,43,0,0
BRDA:68,44,0,0
BRDA:72,45,0,7
BRDA:73,46,0,10
BRDA:83,47,0,8
BRDA:84,48,0,3
BRDA:84,49,0,5
BRDA:96,50,0,5
BRDA:97,51,0,0
BRDA:98,52,0,1
BRDA:100,53,0,1
BRDA:100,54,0,4
BRDA:111,55,0,6
BRDA:113,56,0,0
BRDA:114,57,0,0
BRDA:114,58,0,0
BRDA:117,59,0,0
BRDA:118,60,0,0
BRDA:119,61,0,0
BRDA:121,62,0,0
BRDA:123,63,0,0
BRDA:126,64,0,0
BRDA:126,65,0,0
BRDA:131,66,0,0
BRDA:131,67,0,0
BRDA:152,68,0,5
BRDA:153,69,0,3
BRDA:153,70,0,1
BRDA:153,71,0,2
BRDA:153,72,0,3
BRDA:156,73,0,2
BRDA:156,74,0,1
BRDA:157,75,0,0
BRDA:161,76,0,0
BRDA:166,77,0,0
BRDA:178,78,0,1
BRDA:194,79,0,10
BRDA:195,80,0,4
BRDA:195,81,0,6
BRDA:196,82,0,4
BRDA:196,83,0,6
BRDA:198,84,0,8
BRDA:199,85,0,3
BRDA:200,86,0,7
BRDA:201,87,0,1
BRDA:202,88,0,6
BRDA:203,89,0,18
BRDA:204,90,0,6
BRDA:258,91,0,2
BRDA:263,92,0,6
BRDA:264,93,0,0
BRDA:265,94,0,0
BRDA:289,95,0,5
BRDA:290,96,0,4
BRDA:292,97,0,9
BRDA:293,98,0,7
BRDA:322,99,0,3
BRDA:323,100,0,1
BRDA:323,101,0,1
BRDA:324,102,0,1
BRDA:325,103,0,0
BRDA:325,104,0,0
BRDA:326,105,0,0
BRDA:326,106,0,0
BRDA:335,107,0,120
BRDA:338,108,0,1183
BRDA:178,109,0,1
BRDA:178,110,0,0
BRDA:57,111,0,7
BRDA:57,112,0,6
BRDA:293,113,0,8
BRF:114
BRH:85
DA:1,12
DA:2,12
DA:3,12
DA:4,12
DA:5,12
DA:6,12
DA:8,12
DA:9,12
DA:10,12
DA:11,12
DA:12,12
DA:13,12
DA:14,12
DA:15,12
DA:16,12
DA:17,12
DA:18,12
DA:19,12
DA:20,12
DA:22,12
DA:23,12
DA:24,12
DA:25,12
DA:26,12
DA:27,12
DA:28,12
DA:29,12
DA:30,12
DA:31,12
DA:32,12
DA:33,12
DA:34,12
DA:35,12
DA:36,12
DA:37,12
DA:38,12
DA:39,12
DA:40,12
DA:41,12
DA:42,12
DA:43,12
DA:44,12
DA:45,12
DA:46,12
DA:50,15
DA:51,15
DA:52,15
DA:53,15
DA:54,15
DA:55,5
DA:56,5
DA:57,5
DA:58,5
DA:59,0
DA:60,5
DA:61,15
DA:62,10
DA:63,10
DA:64,10
DA:65,46
DA:66,46
DA:67,46
DA:68,46
DA:69,46
DA:70,46
DA:71,10
DA:72,15
DA:73,15
DA:74,12
DA:75,12
DA:76,12
DA:77,12
DA:78,12
DA:79,12
DA:80,12
DA:81,12
DA:82,12
DA:83,12
DA:84,12
DA:85,12
DA:86,12
DA:87,12
DA:88,12
DA:89,12
DA:90,12
DA:91,12
DA:92,12
DA:93,12
DA:94,12
DA:95,12
DA:96,12
DA:97,5
DA:98,5
DA:99,5
DA:100,5
DA:101,5
DA:102,12
DA:103,12
DA:104,12
DA:105,12
DA:106,12
DA:107,12
DA:108,12
DA:109,12
DA:110,12
DA:111,12
DA:112,6
DA:113,6
DA:114,6
DA:115,6
DA:116,6
DA:117,6
DA:118,6
DA:119,6
DA:120,6
DA:121,6
DA:122,6
DA:123,6
DA:124,6
DA:125,6
DA:126,6
DA:127,6
DA:128,6
DA:129,6
DA:130,6
DA:131,6
DA:132,0
DA:133,0
DA:134,0
DA:135,0
DA:136,0
DA:137,0
DA:138,0
DA:139,0
DA:140,6
DA:141,6
DA:142,6
DA:143,6
DA:144,6
DA:145,6
DA:146,6
DA:147,6
DA:148,6
DA:149,6
DA:150,6
DA:151,6
DA:152,6
DA:153,6
DA:154,3
DA:155,3
DA:156,6
DA:157,6
DA:158,6
DA:159,6
DA:160,6
DA:161,6
DA:162,0
DA:163,0
DA:164,0
DA:165,0
DA:166,6
DA:167,6
DA:168,12
DA:169,12
DA:170,12
DA:171,12
DA:172,12
DA:173,12
DA:174,12
DA:175,12
DA:176,12
DA:177,12
DA:178,12
DA:179,12
DA:180,12
DA:181,12
DA:182,12
DA:183,12
DA:184,12
DA:185,12
DA:186,12
DA:187,12
DA:188,12
DA:189,12
DA:190,12
DA:191,12
DA:192,12
DA:193,12
DA:194,12
DA:195,10
DA:196,10
DA:197,10
DA:198,10
DA:199,10
DA:200,10
DA:201,10
DA:202,10
DA:203,10
DA:204,10
DA:205,10
DA:206,12
DA:207,12
DA:208,12
DA:209,12
DA:210,12
DA:211,12
DA:212,12
DA:213,12
DA:214,12
DA:215,12
DA:216,12
DA:217,12
DA:218,12
DA:219,12
DA:220,12
DA:221,12
DA:222,12
DA:223,12
DA:224,12
DA:225,12
DA:226,12
DA:227,12
DA:228,12
DA:229,12
DA:230,12
DA:231,0
DA:232,0
DA:233,0
DA:234,0
DA:235,0
DA:236,0
DA:237,0
DA:238,0
DA:239,0
DA:240,0
DA:241,0
DA:242,0
DA:243,0
DA:244,0
DA:245,12
DA:246,12
DA:247,12
DA:248,12
DA:249,12
DA:250,12
DA:251,12
DA:252,12
DA:253,12
DA:254,12
DA:255,12
DA:256,12
DA:257,12
DA:258,12
DA:259,2
DA:260,2
DA:261,2
DA:262,12
DA:263,12
DA:264,6
DA:265,6
DA:266,12
DA:267,12
DA:268,12
DA:269,12
DA:270,12
DA:271,12
DA:272,12
DA:273,0
DA:274,0
DA:275,0
DA:276,0
DA:277,0
DA:278,0
DA:279,0
DA:280,12
DA:281,12
DA:282,12
DA:283,12
DA:284,12
DA:285,12
DA:286,12
DA:287,12
DA:288,12
DA:289,12
DA:290,5
DA:291,12
DA:292,12
DA:293,12
DA:294,12
DA:295,12
DA:296,12
DA:297,12
DA:298,12
DA:299,12
DA:300,12
DA:301,12
DA:303,12
DA:304,12
DA:305,12
DA:306,0
DA:307,0
DA:308,0
DA:309,12
DA:310,12
DA:311,0
DA:312,0
DA:313,12
DA:314,12
DA:315,12
DA:316,12
DA:317,12
DA:318,12
DA:319,12
DA:320,12
DA:321,12
DA:322,12
DA:323,12
DA:324,12
DA:325,1
DA:326,1
DA:327,12
DA:328,12
DA:329,12
DA:330,12
DA:331,12
DA:332,12
DA:333,12
DA:334,12
DA:335,7
DA:336,120
DA:337,120
DA:338,120
DA:339,120
DA:340,120
DA:341,120
DA:342,120
DA:343,120
DA:344,120
DA:345,120
DA:346,120
DA:347,120
DA:348,120
DA:349,120
DA:350,120
DA:351,120
DA:352,7
LH:313
LF:352
end_of_record
SF:validate.ts
FN:70,anonymous_0
FN:1,validateArgs
FN:1,validateExtend
FN:18,anonymous_3
FN:27,anonymous_4
FN:28,anonymous_5
FN:46,anonymous_6
FN:49,anonymous_7
FN:49,anonymous_8
FN:57,anonymous_9
FN:70,anonymous_10
FNDA:0,anonymous_0
FNDA:17,validateArgs
FNDA:1,validateExtend
FNDA:38,anonymous_3
FNDA:10,anonymous_4
FNDA:28,anonymous_5
FNDA:10,anonymous_6
FNDA:18,anonymous_7
FNDA:18,anonymous_8
FNDA:14,anonymous_9
FNDA:0,anonymous_10
FNF:11
FNH:9
BRDA:1,0,0,4
BRDA:70,1,0,0
BRDA:1,2,0,17
BRDA:1,3,0,1
BRDA:18,4,0,38
BRDA:23,5,0,21
BRDA:23,6,0,2
BRDA:24,7,0,20
BRDA:26,8,0,11
BRDA:26,9,0,9
BRDA:26,10,0,1
BRDA:27,11,0,20
BRDA:52,12,0,25
BRDA:54,13,0,1
BRDA:55,14,0,24
BRDA:55,15,0,14
BRDA:55,16,0,6
BRDA:56,17,0,24
BRDA:56,18,0,14
BRDA:56,19,0,10
BRDA:57,20,0,8
BRDA:57,21,0,4
BRDA:58,22,0,24
BRDA:58,23,0,1
BRDA:58,24,0,1
BRDA:60,25,0,20
BRDA:27,26,0,10
BRDA:27,27,0,2
BRDA:27,28,0,8
BRDA:27,29,0,2
BRDA:27,30,0,6
BRDA:28,31,0,28
BRDA:30,32,0,18
BRDA:31,33,0,1
BRDA:32,34,0,2
BRDA:33,35,0,0
BRDA:34,36,0,1
BRDA:35,37,0,6
BRDA:35,38,0,4
BRDA:35,39,0,3
BRDA:36,40,0,0
BRDA:46,41,0,10
BRDA:47,42,0,7
BRDA:47,43,0,3
BRDA:47,44,0,0
BRDA:48,45,0,1
BRDA:49,46,0,9
BRDA:50,47,0,8
BRDA:50,48,0,1
BRDA:49,49,0,18
BRDA:49,50,0,18
BRDA:57,51,0,14
BRF:52
BRH:48
DA:1,4
DA:2,4
DA:3,4
DA:4,4
DA:5,4
DA:7,4
DA:8,4
DA:9,4
DA:10,4
DA:11,4
DA:12,4
DA:13,4
DA:14,4
DA:15,4
DA:16,4
DA:17,4
DA:18,4
DA:19,38
DA:20,38
DA:21,38
DA:22,38
DA:23,38
DA:24,38
DA:25,20
DA:26,38
DA:27,38
DA:28,20
DA:29,28
DA:30,28
DA:31,28
DA:32,28
DA:33,28
DA:34,28
DA:35,28
DA:36,28
DA:37,28
DA:38,20
DA:39,20
DA:40,20
DA:41,20
DA:42,20
DA:43,20
DA:44,20
DA:45,20
DA:46,20
DA:47,10
DA:48,10
DA:49,10
DA:50,10
DA:51,20
DA:52,38
DA:53,25
DA:54,25
DA:55,25
DA:56,25
DA:57,25
DA:58,25
DA:59,25
DA:60,38
DA:61,4
DA:62,4
DA:63,4
DA:64,4
DA:65,4
DA:66,4
DA:67,4
DA:68,4
DA:69,4
DA:70,0
DA:71,0
DA:72,0
DA:73,0
LH:69
LF:73
end_of_record
